<?xml version="1.0" ?>
<coverage version="7.9.2" timestamp="1752499427942" lines-valid="4481" lines-covered="1880" line-rate="0.4195" branches-covered="0" branches-valid="0" branch-rate="0" complexity="0">
	<!-- Generated by coverage.py: https://coverage.readthedocs.io/en/7.9.2 -->
	<!-- Based on https://raw.githubusercontent.com/cobertura/web/master/htdocs/xml/coverage-04.dtd -->
	<sources>
		<source>C:\Users\Sventer\OneDrive\Documents\batch testing\src\shtest_compiler</source>
	</sources>
	<packages>
		<package name="." line-rate="0.1557" branch-rate="0" complexity="0">
			<classes>
				<class name="__init__.py" filename="__init__.py" complexity="0" line-rate="1" branch-rate="0">
					<methods/>
					<lines/>
				</class>
				<class name="ast_nodes.py" filename="ast_nodes.py" complexity="0" line-rate="0" branch-rate="0">
					<methods/>
					<lines>
						<line number="1" hits="0"/>
						<line number="2" hits="0"/>
						<line number="5" hits="0"/>
						<line number="6" hits="0"/>
						<line number="7" hits="0"/>
						<line number="10" hits="0"/>
						<line number="11" hits="0"/>
						<line number="12" hits="0"/>
						<line number="13" hits="0"/>
						<line number="16" hits="0"/>
						<line number="17" hits="0"/>
						<line number="18" hits="0"/>
						<line number="19" hits="0"/>
						<line number="22" hits="0"/>
						<line number="23" hits="0"/>
						<line number="24" hits="0"/>
						<line number="25" hits="0"/>
						<line number="28" hits="0"/>
						<line number="29" hits="0"/>
						<line number="30" hits="0"/>
						<line number="31" hits="0"/>
						<line number="34" hits="0"/>
						<line number="35" hits="0"/>
						<line number="36" hits="0"/>
						<line number="37" hits="0"/>
						<line number="40" hits="0"/>
						<line number="41" hits="0"/>
						<line number="42" hits="0"/>
						<line number="45" hits="0"/>
						<line number="46" hits="0"/>
						<line number="47" hits="0"/>
						<line number="50" hits="0"/>
						<line number="51" hits="0"/>
						<line number="52" hits="0"/>
						<line number="55" hits="0"/>
						<line number="56" hits="0"/>
						<line number="57" hits="0"/>
						<line number="60" hits="0"/>
						<line number="61" hits="0"/>
						<line number="62" hits="0"/>
						<line number="63" hits="0"/>
						<line number="66" hits="0"/>
						<line number="67" hits="0"/>
						<line number="68" hits="0"/>
						<line number="71" hits="0"/>
						<line number="72" hits="0"/>
						<line number="73" hits="0"/>
						<line number="76" hits="0"/>
						<line number="77" hits="0"/>
						<line number="78" hits="0"/>
						<line number="79" hits="0"/>
					</lines>
				</class>
				<class name="ast_to_shell.py" filename="ast_to_shell.py" complexity="0" line-rate="0" branch-rate="0">
					<methods/>
					<lines>
						<line number="1" hits="0"/>
						<line number="19" hits="0"/>
						<line number="20" hits="0"/>
						<line number="21" hits="0"/>
						<line number="22" hits="0"/>
					</lines>
				</class>
				<class name="command_loader.py" filename="command_loader.py" complexity="0" line-rate="0.4512" branch-rate="0">
					<methods/>
					<lines>
						<line number="1" hits="1"/>
						<line number="2" hits="1"/>
						<line number="3" hits="1"/>
						<line number="4" hits="1"/>
						<line number="6" hits="1"/>
						<line number="8" hits="1"/>
						<line number="10" hits="1"/>
						<line number="11" hits="1"/>
						<line number="15" hits="1"/>
						<line number="16" hits="1"/>
						<line number="17" hits="1"/>
						<line number="20" hits="1"/>
						<line number="21" hits="1"/>
						<line number="28" hits="1"/>
						<line number="30" hits="1"/>
						<line number="32" hits="1"/>
						<line number="37" hits="1"/>
						<line number="38" hits="1"/>
						<line number="39" hits="1"/>
						<line number="40" hits="1"/>
						<line number="41" hits="1"/>
						<line number="42" hits="1"/>
						<line number="43" hits="1"/>
						<line number="44" hits="1"/>
						<line number="45" hits="0"/>
						<line number="48" hits="1"/>
						<line number="49" hits="1"/>
						<line number="50" hits="1"/>
						<line number="51" hits="1"/>
						<line number="52" hits="1"/>
						<line number="55" hits="1"/>
						<line number="57" hits="1"/>
						<line number="60" hits="1"/>
						<line number="64" hits="1"/>
						<line number="65" hits="1"/>
						<line number="66" hits="1"/>
						<line number="67" hits="1"/>
						<line number="68" hits="1"/>
						<line number="69" hits="1"/>
						<line number="73" hits="1"/>
						<line number="74" hits="1"/>
						<line number="78" hits="1"/>
						<line number="79" hits="1"/>
						<line number="80" hits="1"/>
						<line number="83" hits="1"/>
						<line number="85" hits="1"/>
						<line number="86" hits="1"/>
						<line number="87" hits="1"/>
						<line number="91" hits="1"/>
						<line number="94" hits="1"/>
						<line number="95" hits="1"/>
						<line number="97" hits="1"/>
						<line number="98" hits="1"/>
						<line number="99" hits="1"/>
						<line number="100" hits="1"/>
						<line number="104" hits="1"/>
						<line number="107" hits="1"/>
						<line number="108" hits="0"/>
						<line number="109" hits="0"/>
						<line number="111" hits="0"/>
						<line number="112" hits="0"/>
						<line number="113" hits="0"/>
						<line number="121" hits="0"/>
						<line number="124" hits="1"/>
						<line number="125" hits="1"/>
						<line number="126" hits="1"/>
						<line number="127" hits="1"/>
						<line number="128" hits="1"/>
						<line number="131" hits="1"/>
						<line number="132" hits="1"/>
						<line number="135" hits="1"/>
						<line number="138" hits="1"/>
						<line number="139" hits="0"/>
						<line number="140" hits="0"/>
						<line number="144" hits="0"/>
						<line number="145" hits="0"/>
						<line number="146" hits="0"/>
						<line number="147" hits="0"/>
						<line number="148" hits="0"/>
						<line number="151" hits="1"/>
						<line number="153" hits="0"/>
						<line number="154" hits="0"/>
						<line number="155" hits="0"/>
						<line number="156" hits="0"/>
						<line number="157" hits="0"/>
						<line number="158" hits="0"/>
						<line number="160" hits="0"/>
						<line number="161" hits="0"/>
						<line number="162" hits="0"/>
						<line number="163" hits="0"/>
						<line number="164" hits="0"/>
						<line number="165" hits="0"/>
						<line number="166" hits="0"/>
						<line number="169" hits="1"/>
						<line number="173" hits="0"/>
						<line number="177" hits="1"/>
						<line number="178" hits="1"/>
						<line number="179" hits="0"/>
						<line number="180" hits="0"/>
						<line number="182" hits="1"/>
						<line number="183" hits="0"/>
						<line number="184" hits="0"/>
						<line number="185" hits="0"/>
						<line number="186" hits="0"/>
						<line number="187" hits="0"/>
						<line number="188" hits="0"/>
						<line number="189" hits="0"/>
						<line number="190" hits="0"/>
						<line number="191" hits="0"/>
						<line number="192" hits="0"/>
						<line number="193" hits="0"/>
						<line number="194" hits="0"/>
						<line number="199" hits="0"/>
						<line number="200" hits="0"/>
						<line number="201" hits="0"/>
						<line number="202" hits="0"/>
						<line number="203" hits="0"/>
						<line number="204" hits="0"/>
						<line number="205" hits="0"/>
						<line number="206" hits="0"/>
						<line number="212" hits="1"/>
						<line number="213" hits="0"/>
						<line number="214" hits="0"/>
						<line number="215" hits="0"/>
						<line number="216" hits="0"/>
						<line number="217" hits="0"/>
						<line number="219" hits="1"/>
						<line number="220" hits="0"/>
						<line number="222" hits="1"/>
						<line number="223" hits="0"/>
						<line number="224" hits="0"/>
						<line number="225" hits="0"/>
						<line number="226" hits="0"/>
						<line number="227" hits="0"/>
						<line number="228" hits="0"/>
						<line number="229" hits="0"/>
						<line number="230" hits="0"/>
						<line number="231" hits="0"/>
						<line number="232" hits="0"/>
						<line number="233" hits="0"/>
						<line number="234" hits="0"/>
						<line number="235" hits="0"/>
						<line number="236" hits="0"/>
						<line number="237" hits="0"/>
						<line number="238" hits="0"/>
						<line number="239" hits="0"/>
						<line number="241" hits="1"/>
						<line number="242" hits="0"/>
						<line number="243" hits="0"/>
						<line number="244" hits="0"/>
						<line number="245" hits="0"/>
						<line number="246" hits="0"/>
						<line number="247" hits="0"/>
						<line number="248" hits="0"/>
						<line number="249" hits="0"/>
						<line number="250" hits="0"/>
						<line number="251" hits="0"/>
						<line number="252" hits="0"/>
						<line number="253" hits="0"/>
						<line number="254" hits="0"/>
						<line number="255" hits="0"/>
						<line number="260" hits="0"/>
						<line number="261" hits="0"/>
						<line number="262" hits="0"/>
					</lines>
				</class>
				<class name="common_patterns.py" filename="common_patterns.py" complexity="0" line-rate="0" branch-rate="0">
					<methods/>
					<lines>
						<line number="5" hits="0"/>
						<line number="8" hits="0"/>
						<line number="9" hits="0"/>
						<line number="10" hits="0"/>
						<line number="12" hits="0"/>
						<line number="15" hits="0"/>
						<line number="18" hits="0"/>
						<line number="21" hits="0"/>
						<line number="22" hits="0"/>
						<line number="27" hits="0"/>
						<line number="28" hits="0"/>
						<line number="31" hits="0"/>
						<line number="34" hits="0"/>
						<line number="37" hits="0"/>
						<line number="40" hits="0"/>
						<line number="43" hits="0"/>
						<line number="47" hits="0"/>
						<line number="48" hits="0"/>
						<line number="49" hits="0"/>
					</lines>
				</class>
				<class name="compile_expr.py" filename="compile_expr.py" complexity="0" line-rate="0" branch-rate="0">
					<methods/>
					<lines>
						<line number="1" hits="0"/>
						<line number="3" hits="0"/>
						<line number="6" hits="0"/>
						<line number="7" hits="0"/>
						<line number="10" hits="0"/>
						<line number="14" hits="0"/>
						<line number="18" hits="0"/>
						<line number="20" hits="0"/>
						<line number="21" hits="0"/>
						<line number="22" hits="0"/>
					</lines>
				</class>
				<class name="compile_file.py" filename="compile_file.py" complexity="0" line-rate="0.3871" branch-rate="0">
					<methods/>
					<lines>
						<line number="8" hits="1"/>
						<line number="9" hits="1"/>
						<line number="10" hits="1"/>
						<line number="11" hits="1"/>
						<line number="13" hits="1"/>
						<line number="14" hits="1"/>
						<line number="15" hits="1"/>
						<line number="18" hits="1"/>
						<line number="43" hits="0"/>
						<line number="46" hits="0"/>
						<line number="54" hits="0"/>
						<line number="59" hits="1"/>
						<line number="82" hits="0"/>
						<line number="85" hits="0"/>
						<line number="93" hits="0"/>
						<line number="96" hits="1"/>
						<line number="98" hits="0"/>
						<line number="100" hits="0"/>
						<line number="101" hits="0"/>
						<line number="102" hits="0"/>
						<line number="104" hits="0"/>
						<line number="105" hits="0"/>
						<line number="106" hits="0"/>
						<line number="108" hits="0"/>
						<line number="109" hits="0"/>
						<line number="110" hits="0"/>
						<line number="113" hits="1"/>
						<line number="115" hits="0"/>
						<line number="116" hits="0"/>
						<line number="120" hits="1"/>
						<line number="124" hits="0"/>
					</lines>
				</class>
				<class name="export_to_excel.py" filename="export_to_excel.py" complexity="0" line-rate="0" branch-rate="0">
					<methods/>
					<lines>
						<line number="1" hits="0"/>
						<line number="2" hits="0"/>
						<line number="4" hits="0"/>
						<line number="5" hits="0"/>
						<line number="7" hits="0"/>
						<line number="10" hits="0"/>
						<line number="11" hits="0"/>
						<line number="12" hits="0"/>
						<line number="13" hits="0"/>
						<line number="14" hits="0"/>
						<line number="15" hits="0"/>
						<line number="18" hits="0"/>
						<line number="19" hits="0"/>
						<line number="20" hits="0"/>
						<line number="21" hits="0"/>
						<line number="22" hits="0"/>
						<line number="23" hits="0"/>
						<line number="24" hits="0"/>
						<line number="25" hits="0"/>
						<line number="28" hits="0"/>
						<line number="29" hits="0"/>
						<line number="30" hits="0"/>
						<line number="31" hits="0"/>
						<line number="32" hits="0"/>
						<line number="35" hits="0"/>
						<line number="36" hits="0"/>
						<line number="37" hits="0"/>
						<line number="39" hits="0"/>
						<line number="40" hits="0"/>
						<line number="43" hits="0"/>
						<line number="45" hits="0"/>
						<line number="48" hits="0"/>
						<line number="51" hits="0"/>
					</lines>
				</class>
				<class name="generate_tests.py" filename="generate_tests.py" complexity="0" line-rate="0.2083" branch-rate="0">
					<methods/>
					<lines>
						<line number="1" hits="1"/>
						<line number="2" hits="1"/>
						<line number="3" hits="1"/>
						<line number="5" hits="1"/>
						<line number="8" hits="1"/>
						<line number="9" hits="0"/>
						<line number="10" hits="0"/>
						<line number="11" hits="0"/>
						<line number="13" hits="0"/>
						<line number="14" hits="0"/>
						<line number="15" hits="0"/>
						<line number="16" hits="0"/>
						<line number="17" hits="0"/>
						<line number="18" hits="0"/>
						<line number="21" hits="0"/>
						<line number="27" hits="0"/>
						<line number="28" hits="0"/>
						<line number="29" hits="0"/>
						<line number="30" hits="0"/>
						<line number="31" hits="0"/>
						<line number="32" hits="0"/>
						<line number="33" hits="0"/>
						<line number="34" hits="0"/>
						<line number="35" hits="0"/>
					</lines>
				</class>
				<class name="run_all.py" filename="run_all.py" complexity="0" line-rate="0" branch-rate="0">
					<methods/>
					<lines>
						<line number="1" hits="0"/>
						<line number="2" hits="0"/>
						<line number="3" hits="0"/>
						<line number="4" hits="0"/>
						<line number="7" hits="0"/>
						<line number="8" hits="0"/>
						<line number="9" hits="0"/>
						<line number="10" hits="0"/>
						<line number="12" hits="0"/>
						<line number="15" hits="0"/>
						<line number="16" hits="0"/>
						<line number="17" hits="0"/>
						<line number="18" hits="0"/>
						<line number="19" hits="0"/>
						<line number="20" hits="0"/>
						<line number="21" hits="0"/>
						<line number="24" hits="0"/>
						<line number="25" hits="0"/>
						<line number="26" hits="0"/>
						<line number="29" hits="0"/>
						<line number="30" hits="0"/>
						<line number="32" hits="0"/>
						<line number="33" hits="0"/>
						<line number="34" hits="0"/>
						<line number="35" hits="0"/>
						<line number="36" hits="0"/>
						<line number="38" hits="0"/>
						<line number="39" hits="0"/>
						<line number="40" hits="0"/>
						<line number="41" hits="0"/>
						<line number="42" hits="0"/>
						<line number="43" hits="0"/>
						<line number="44" hits="0"/>
						<line number="45" hits="0"/>
						<line number="47" hits="0"/>
						<line number="48" hits="0"/>
						<line number="49" hits="0"/>
						<line number="50" hits="0"/>
						<line number="51" hits="0"/>
						<line number="53" hits="0"/>
						<line number="56" hits="0"/>
						<line number="57" hits="0"/>
						<line number="58" hits="0"/>
						<line number="59" hits="0"/>
						<line number="60" hits="0"/>
						<line number="61" hits="0"/>
						<line number="64" hits="0"/>
						<line number="67" hits="0"/>
						<line number="70" hits="0"/>
						<line number="73" hits="0"/>
						<line number="74" hits="0"/>
						<line number="75" hits="0"/>
						<line number="77" hits="0"/>
						<line number="78" hits="0"/>
						<line number="79" hits="0"/>
						<line number="80" hits="0"/>
						<line number="81" hits="0"/>
						<line number="82" hits="0"/>
						<line number="84" hits="0"/>
						<line number="86" hits="0"/>
						<line number="87" hits="0"/>
						<line number="88" hits="0"/>
						<line number="90" hits="0"/>
						<line number="91" hits="0"/>
						<line number="92" hits="0"/>
						<line number="94" hits="0"/>
					</lines>
				</class>
				<class name="run_tests.py" filename="run_tests.py" complexity="0" line-rate="0" branch-rate="0">
					<methods/>
					<lines>
						<line number="9" hits="0"/>
						<line number="10" hits="0"/>
						<line number="11" hits="0"/>
						<line number="12" hits="0"/>
						<line number="13" hits="0"/>
						<line number="16" hits="0"/>
						<line number="18" hits="0"/>
						<line number="19" hits="0"/>
						<line number="20" hits="0"/>
						<line number="21" hits="0"/>
						<line number="22" hits="0"/>
						<line number="24" hits="0"/>
						<line number="25" hits="0"/>
						<line number="26" hits="0"/>
						<line number="27" hits="0"/>
						<line number="29" hits="0"/>
						<line number="30" hits="0"/>
						<line number="31" hits="0"/>
						<line number="32" hits="0"/>
						<line number="33" hits="0"/>
						<line number="34" hits="0"/>
						<line number="35" hits="0"/>
						<line number="36" hits="0"/>
						<line number="37" hits="0"/>
						<line number="38" hits="0"/>
						<line number="41" hits="0"/>
						<line number="43" hits="0"/>
						<line number="44" hits="0"/>
						<line number="53" hits="0"/>
						<line number="54" hits="0"/>
						<line number="56" hits="0"/>
						<line number="57" hits="0"/>
						<line number="58" hits="0"/>
						<line number="59" hits="0"/>
						<line number="61" hits="0"/>
						<line number="62" hits="0"/>
						<line number="63" hits="0"/>
						<line number="64" hits="0"/>
						<line number="65" hits="0"/>
						<line number="66" hits="0"/>
						<line number="67" hits="0"/>
						<line number="68" hits="0"/>
						<line number="69" hits="0"/>
						<line number="70" hits="0"/>
						<line number="73" hits="0"/>
						<line number="75" hits="0"/>
						<line number="77" hits="0"/>
						<line number="78" hits="0"/>
						<line number="79" hits="0"/>
						<line number="80" hits="0"/>
						<line number="82" hits="0"/>
						<line number="83" hits="0"/>
						<line number="84" hits="0"/>
						<line number="85" hits="0"/>
						<line number="87" hits="0"/>
						<line number="88" hits="0"/>
						<line number="90" hits="0"/>
						<line number="91" hits="0"/>
						<line number="92" hits="0"/>
						<line number="93" hits="0"/>
						<line number="96" hits="0"/>
						<line number="97" hits="0"/>
						<line number="98" hits="0"/>
						<line number="100" hits="0"/>
						<line number="101" hits="0"/>
						<line number="102" hits="0"/>
						<line number="103" hits="0"/>
						<line number="104" hits="0"/>
						<line number="105" hits="0"/>
						<line number="106" hits="0"/>
						<line number="107" hits="0"/>
						<line number="108" hits="0"/>
						<line number="109" hits="0"/>
						<line number="110" hits="0"/>
						<line number="111" hits="0"/>
						<line number="113" hits="0"/>
						<line number="114" hits="0"/>
						<line number="117" hits="0"/>
						<line number="119" hits="0"/>
						<line number="121" hits="0"/>
						<line number="122" hits="0"/>
						<line number="123" hits="0"/>
						<line number="124" hits="0"/>
						<line number="126" hits="0"/>
						<line number="127" hits="0"/>
						<line number="128" hits="0"/>
						<line number="129" hits="0"/>
						<line number="131" hits="0"/>
						<line number="132" hits="0"/>
						<line number="134" hits="0"/>
						<line number="135" hits="0"/>
						<line number="136" hits="0"/>
						<line number="138" hits="0"/>
						<line number="140" hits="0"/>
						<line number="141" hits="0"/>
						<line number="143" hits="0"/>
						<line number="144" hits="0"/>
						<line number="147" hits="0"/>
						<line number="148" hits="0"/>
						<line number="149" hits="0"/>
						<line number="151" hits="0"/>
						<line number="154" hits="0"/>
						<line number="156" hits="0"/>
						<line number="157" hits="0"/>
						<line number="158" hits="0"/>
						<line number="159" hits="0"/>
						<line number="160" hits="0"/>
						<line number="162" hits="0"/>
						<line number="163" hits="0"/>
						<line number="166" hits="0"/>
						<line number="167" hits="0"/>
						<line number="170" hits="0"/>
						<line number="171" hits="0"/>
						<line number="172" hits="0"/>
						<line number="175" hits="0"/>
						<line number="178" hits="0"/>
						<line number="179" hits="0"/>
						<line number="181" hits="0"/>
						<line number="184" hits="0"/>
						<line number="185" hits="0"/>
						<line number="187" hits="0"/>
						<line number="188" hits="0"/>
						<line number="190" hits="0"/>
						<line number="192" hits="0"/>
						<line number="193" hits="0"/>
						<line number="194" hits="0"/>
						<line number="196" hits="0"/>
						<line number="197" hits="0"/>
						<line number="198" hits="0"/>
						<line number="200" hits="0"/>
						<line number="201" hits="0"/>
						<line number="202" hits="0"/>
						<line number="204" hits="0"/>
						<line number="205" hits="0"/>
						<line number="206" hits="0"/>
						<line number="208" hits="0"/>
						<line number="209" hits="0"/>
						<line number="210" hits="0"/>
						<line number="211" hits="0"/>
						<line number="213" hits="0"/>
						<line number="214" hits="0"/>
					</lines>
				</class>
				<class name="setup.py" filename="setup.py" complexity="0" line-rate="0" branch-rate="0">
					<methods/>
					<lines>
						<line number="1" hits="0"/>
						<line number="3" hits="0"/>
					</lines>
				</class>
				<class name="shtest.py" filename="shtest.py" complexity="0" line-rate="0" branch-rate="0">
					<methods/>
					<lines>
						<line number="1" hits="0"/>
						<line number="2" hits="0"/>
						<line number="4" hits="0"/>
						<line number="5" hits="0"/>
						<line number="6" hits="0"/>
						<line number="7" hits="0"/>
						<line number="8" hits="0"/>
						<line number="11" hits="0"/>
						<line number="12" hits="0"/>
						<line number="15" hits="0"/>
						<line number="21" hits="0"/>
						<line number="24" hits="0"/>
						<line number="27" hits="0"/>
						<line number="28" hits="0"/>
						<line number="31" hits="0"/>
						<line number="36" hits="0"/>
						<line number="39" hits="0"/>
						<line number="40" hits="0"/>
						<line number="43" hits="0"/>
						<line number="44" hits="0"/>
						<line number="49" hits="0"/>
						<line number="52" hits="0"/>
						<line number="53" hits="0"/>
						<line number="56" hits="0"/>
						<line number="61" hits="0"/>
						<line number="65" hits="0"/>
						<line number="66" hits="0"/>
						<line number="69" hits="0"/>
						<line number="70" hits="0"/>
						<line number="73" hits="0"/>
						<line number="78" hits="0"/>
						<line number="81" hits="0"/>
						<line number="82" hits="0"/>
						<line number="83" hits="0"/>
						<line number="86" hits="0"/>
						<line number="88" hits="0"/>
						<line number="89" hits="0"/>
						<line number="91" hits="0"/>
						<line number="92" hits="0"/>
						<line number="95" hits="0"/>
						<line number="97" hits="0"/>
						<line number="98" hits="0"/>
						<line number="99" hits="0"/>
						<line number="107" hits="0"/>
						<line number="108" hits="0"/>
						<line number="109" hits="0"/>
						<line number="110" hits="0"/>
						<line number="111" hits="0"/>
						<line number="118" hits="0"/>
						<line number="119" hits="0"/>
						<line number="120" hits="0"/>
						<line number="121" hits="0"/>
						<line number="123" hits="0"/>
						<line number="125" hits="0"/>
						<line number="128" hits="0"/>
						<line number="129" hits="0"/>
						<line number="130" hits="0"/>
						<line number="131" hits="0"/>
						<line number="132" hits="0"/>
						<line number="133" hits="0"/>
						<line number="135" hits="0"/>
						<line number="136" hits="0"/>
						<line number="139" hits="0"/>
						<line number="141" hits="0"/>
						<line number="142" hits="0"/>
						<line number="143" hits="0"/>
						<line number="144" hits="0"/>
					</lines>
				</class>
				<class name="templates.py" filename="templates.py" complexity="0" line-rate="0" branch-rate="0">
					<methods/>
					<lines>
						<line number="1" hits="0"/>
						<line number="3" hits="0"/>
					</lines>
				</class>
				<class name="verify_handlers.py" filename="verify_handlers.py" complexity="0" line-rate="0" branch-rate="0">
					<methods/>
					<lines>
						<line number="1" hits="0"/>
						<line number="3" hits="0"/>
						<line number="5" hits="0"/>
						<line number="8" hits="0"/>
						<line number="9" hits="0"/>
						<line number="12" hits="0"/>
						<line number="13" hits="0"/>
						<line number="14" hits="0"/>
						<line number="15" hits="0"/>
						<line number="16" hits="0"/>
						<line number="21" hits="0"/>
						<line number="27" hits="0"/>
						<line number="28" hits="0"/>
						<line number="29" hits="0"/>
						<line number="30" hits="0"/>
						<line number="31" hits="0"/>
						<line number="32" hits="0"/>
						<line number="33" hits="0"/>
						<line number="34" hits="0"/>
						<line number="35" hits="0"/>
						<line number="36" hits="0"/>
						<line number="37" hits="0"/>
						<line number="38" hits="0"/>
						<line number="42" hits="0"/>
						<line number="43" hits="0"/>
						<line number="44" hits="0"/>
						<line number="45" hits="0"/>
						<line number="46" hits="0"/>
						<line number="47" hits="0"/>
						<line number="48" hits="0"/>
						<line number="49" hits="0"/>
						<line number="51" hits="0"/>
						<line number="54" hits="0"/>
						<line number="55" hits="0"/>
						<line number="57" hits="0"/>
						<line number="58" hits="0"/>
						<line number="61" hits="0"/>
						<line number="64" hits="0"/>
						<line number="67" hits="0"/>
					</lines>
				</class>
				<class name="verify_syntax.py" filename="verify_syntax.py" complexity="0" line-rate="0.5556" branch-rate="0">
					<methods/>
					<lines>
						<line number="1" hits="1"/>
						<line number="3" hits="1"/>
						<line number="6" hits="1"/>
						<line number="8" hits="1"/>
						<line number="9" hits="1"/>
						<line number="10" hits="1"/>
						<line number="12" hits="1"/>
						<line number="13" hits="1"/>
						<line number="14" hits="1"/>
						<line number="16" hits="1"/>
						<line number="17" hits="1"/>
						<line number="18" hits="1"/>
						<line number="19" hits="1"/>
						<line number="21" hits="1"/>
						<line number="24" hits="1"/>
						<line number="25" hits="0"/>
						<line number="28" hits="0"/>
						<line number="29" hits="0"/>
						<line number="33" hits="0"/>
						<line number="35" hits="0"/>
						<line number="36" hits="0"/>
						<line number="37" hits="0"/>
						<line number="39" hits="0"/>
						<line number="40" hits="0"/>
						<line number="41" hits="0"/>
						<line number="42" hits="0"/>
						<line number="43" hits="0"/>
					</lines>
				</class>
			</classes>
		</package>
		<package name="ast" line-rate="0.474" branch-rate="0" complexity="0">
			<classes>
				<class name="shell_framework_ast.py" filename="ast/shell_framework_ast.py" complexity="0" line-rate="0.7083" branch-rate="0">
					<methods/>
					<lines>
						<line number="1" hits="1"/>
						<line number="2" hits="1"/>
						<line number="5" hits="1"/>
						<line number="6" hits="1"/>
						<line number="10" hits="1"/>
						<line number="11" hits="1"/>
						<line number="12" hits="1"/>
						<line number="13" hits="1"/>
						<line number="14" hits="1"/>
						<line number="17" hits="1"/>
						<line number="18" hits="1"/>
						<line number="19" hits="1"/>
						<line number="20" hits="1"/>
						<line number="23" hits="1"/>
						<line number="24" hits="1"/>
						<line number="25" hits="1"/>
						<line number="28" hits="1"/>
						<line number="29" hits="1"/>
						<line number="30" hits="1"/>
						<line number="31" hits="1"/>
						<line number="32" hits="1"/>
						<line number="33" hits="1"/>
						<line number="34" hits="1"/>
						<line number="37" hits="1"/>
						<line number="38" hits="1"/>
						<line number="39" hits="1"/>
						<line number="40" hits="1"/>
						<line number="41" hits="1"/>
						<line number="44" hits="1"/>
						<line number="45" hits="1"/>
						<line number="46" hits="1"/>
						<line number="47" hits="1"/>
						<line number="48" hits="1"/>
						<line number="51" hits="1"/>
						<line number="52" hits="0"/>
						<line number="53" hits="0"/>
						<line number="54" hits="0"/>
						<line number="55" hits="0"/>
						<line number="56" hits="0"/>
						<line number="57" hits="0"/>
						<line number="58" hits="0"/>
						<line number="59" hits="0"/>
						<line number="60" hits="0"/>
						<line number="61" hits="0"/>
						<line number="62" hits="0"/>
						<line number="63" hits="0"/>
						<line number="64" hits="0"/>
						<line number="66" hits="0"/>
					</lines>
				</class>
				<class name="shell_framework_binder.py" filename="ast/shell_framework_binder.py" complexity="0" line-rate="0.3074" branch-rate="0">
					<methods/>
					<lines>
						<line number="1" hits="1"/>
						<line number="2" hits="1"/>
						<line number="3" hits="1"/>
						<line number="5" hits="1"/>
						<line number="7" hits="1"/>
						<line number="15" hits="1"/>
						<line number="20" hits="1"/>
						<line number="21" hits="0"/>
						<line number="24" hits="1"/>
						<line number="26" hits="0"/>
						<line number="27" hits="0"/>
						<line number="29" hits="0"/>
						<line number="30" hits="0"/>
						<line number="32" hits="0"/>
						<line number="33" hits="0"/>
						<line number="34" hits="0"/>
						<line number="37" hits="1"/>
						<line number="43" hits="1"/>
						<line number="44" hits="1"/>
						<line number="46" hits="1"/>
						<line number="53" hits="1"/>
						<line number="54" hits="1"/>
						<line number="55" hits="1"/>
						<line number="56" hits="1"/>
						<line number="57" hits="1"/>
						<line number="60" hits="1"/>
						<line number="61" hits="1"/>
						<line number="62" hits="1"/>
						<line number="65" hits="0"/>
						<line number="67" hits="1"/>
						<line number="69" hits="1"/>
						<line number="71" hits="1"/>
						<line number="73" hits="1"/>
						<line number="78" hits="1"/>
						<line number="79" hits="1"/>
						<line number="81" hits="1"/>
						<line number="82" hits="1"/>
						<line number="84" hits="1"/>
						<line number="85" hits="1"/>
						<line number="88" hits="0"/>
						<line number="91" hits="1"/>
						<line number="93" hits="1"/>
						<line number="96" hits="1"/>
						<line number="97" hits="1"/>
						<line number="100" hits="1"/>
						<line number="101" hits="1"/>
						<line number="103" hits="1"/>
						<line number="105" hits="1"/>
						<line number="109" hits="1"/>
						<line number="110" hits="1"/>
						<line number="113" hits="0"/>
						<line number="114" hits="0"/>
						<line number="119" hits="0"/>
						<line number="120" hits="0"/>
						<line number="123" hits="0"/>
						<line number="126" hits="1"/>
						<line number="132" hits="1"/>
						<line number="140" hits="1"/>
						<line number="141" hits="1"/>
						<line number="142" hits="1"/>
						<line number="145" hits="1"/>
						<line number="147" hits="1"/>
						<line number="149" hits="1"/>
						<line number="151" hits="1"/>
						<line number="152" hits="1"/>
						<line number="153" hits="1"/>
						<line number="154" hits="0"/>
						<line number="155" hits="0"/>
						<line number="156" hits="1"/>
						<line number="158" hits="1"/>
						<line number="160" hits="0"/>
						<line number="162" hits="1"/>
						<line number="168" hits="1"/>
						<line number="169" hits="1"/>
						<line number="171" hits="0"/>
						<line number="176" hits="0"/>
						<line number="177" hits="0"/>
						<line number="179" hits="0"/>
						<line number="180" hits="0"/>
						<line number="181" hits="0"/>
						<line number="182" hits="0"/>
						<line number="183" hits="0"/>
						<line number="184" hits="0"/>
						<line number="185" hits="0"/>
						<line number="186" hits="0"/>
						<line number="189" hits="0"/>
						<line number="190" hits="0"/>
						<line number="192" hits="1"/>
						<line number="197" hits="0"/>
						<line number="198" hits="0"/>
						<line number="201" hits="0"/>
						<line number="202" hits="0"/>
						<line number="207" hits="0"/>
						<line number="210" hits="0"/>
						<line number="211" hits="0"/>
						<line number="212" hits="0"/>
						<line number="215" hits="0"/>
						<line number="216" hits="0"/>
						<line number="217" hits="0"/>
						<line number="219" hits="0"/>
						<line number="220" hits="0"/>
						<line number="221" hits="0"/>
						<line number="222" hits="0"/>
						<line number="223" hits="0"/>
						<line number="224" hits="0"/>
						<line number="225" hits="0"/>
						<line number="226" hits="0"/>
						<line number="227" hits="0"/>
						<line number="228" hits="0"/>
						<line number="229" hits="0"/>
						<line number="230" hits="0"/>
						<line number="231" hits="0"/>
						<line number="232" hits="0"/>
						<line number="234" hits="0"/>
						<line number="235" hits="0"/>
						<line number="237" hits="0"/>
						<line number="239" hits="0"/>
						<line number="240" hits="0"/>
						<line number="241" hits="0"/>
						<line number="244" hits="0"/>
						<line number="245" hits="0"/>
						<line number="246" hits="0"/>
						<line number="249" hits="0"/>
						<line number="250" hits="0"/>
						<line number="251" hits="0"/>
						<line number="253" hits="0"/>
						<line number="255" hits="1"/>
						<line number="256" hits="1"/>
						<line number="257" hits="1"/>
						<line number="258" hits="1"/>
						<line number="262" hits="1"/>
						<line number="266" hits="1"/>
						<line number="267" hits="1"/>
						<line number="268" hits="1"/>
						<line number="270" hits="0"/>
						<line number="271" hits="0"/>
						<line number="272" hits="0"/>
						<line number="273" hits="0"/>
						<line number="274" hits="0"/>
						<line number="275" hits="0"/>
						<line number="276" hits="0"/>
						<line number="278" hits="0"/>
						<line number="279" hits="0"/>
						<line number="280" hits="0"/>
						<line number="281" hits="0"/>
						<line number="282" hits="0"/>
						<line number="283" hits="0"/>
						<line number="284" hits="0"/>
						<line number="287" hits="0"/>
						<line number="290" hits="0"/>
						<line number="291" hits="0"/>
						<line number="293" hits="0"/>
						<line number="294" hits="0"/>
						<line number="295" hits="0"/>
						<line number="296" hits="0"/>
						<line number="297" hits="0"/>
						<line number="298" hits="0"/>
						<line number="307" hits="0"/>
						<line number="309" hits="1"/>
						<line number="310" hits="0"/>
						<line number="312" hits="0"/>
						<line number="313" hits="0"/>
						<line number="314" hits="0"/>
						<line number="315" hits="0"/>
						<line number="316" hits="0"/>
						<line number="318" hits="0"/>
						<line number="319" hits="0"/>
						<line number="320" hits="0"/>
						<line number="321" hits="0"/>
						<line number="322" hits="0"/>
						<line number="323" hits="0"/>
						<line number="324" hits="0"/>
						<line number="325" hits="0"/>
						<line number="327" hits="0"/>
						<line number="328" hits="0"/>
						<line number="329" hits="0"/>
						<line number="331" hits="0"/>
						<line number="333" hits="1"/>
						<line number="334" hits="0"/>
						<line number="335" hits="0"/>
						<line number="336" hits="0"/>
						<line number="337" hits="0"/>
						<line number="338" hits="0"/>
						<line number="339" hits="0"/>
						<line number="340" hits="0"/>
						<line number="341" hits="0"/>
						<line number="343" hits="1"/>
						<line number="344" hits="0"/>
						<line number="345" hits="0"/>
						<line number="346" hits="0"/>
						<line number="348" hits="1"/>
						<line number="349" hits="0"/>
						<line number="350" hits="0"/>
						<line number="351" hits="0"/>
						<line number="352" hits="0"/>
						<line number="353" hits="0"/>
						<line number="355" hits="0"/>
						<line number="356" hits="0"/>
						<line number="357" hits="0"/>
						<line number="358" hits="0"/>
						<line number="359" hits="0"/>
						<line number="360" hits="0"/>
						<line number="361" hits="0"/>
						<line number="362" hits="0"/>
						<line number="363" hits="0"/>
						<line number="364" hits="0"/>
						<line number="365" hits="0"/>
						<line number="366" hits="0"/>
						<line number="367" hits="0"/>
						<line number="368" hits="0"/>
						<line number="369" hits="0"/>
						<line number="370" hits="0"/>
						<line number="371" hits="0"/>
						<line number="372" hits="0"/>
						<line number="374" hits="0"/>
						<line number="375" hits="0"/>
						<line number="377" hits="1"/>
						<line number="379" hits="0"/>
						<line number="380" hits="0"/>
						<line number="381" hits="0"/>
						<line number="383" hits="0"/>
						<line number="384" hits="0"/>
						<line number="385" hits="0"/>
						<line number="387" hits="0"/>
						<line number="388" hits="0"/>
						<line number="389" hits="0"/>
						<line number="390" hits="0"/>
						<line number="392" hits="1"/>
						<line number="393" hits="0"/>
						<line number="394" hits="0"/>
						<line number="395" hits="0"/>
					</lines>
				</class>
				<class name="shell_script_ast.py" filename="ast/shell_script_ast.py" complexity="0" line-rate="1" branch-rate="0">
					<methods/>
					<lines>
						<line number="1" hits="1"/>
						<line number="2" hits="1"/>
						<line number="5" hits="1"/>
						<line number="6" hits="1"/>
						<line number="7" hits="1"/>
					</lines>
				</class>
				<class name="shellframework_to_shellscript_visitor.py" filename="ast/shellframework_to_shellscript_visitor.py" complexity="0" line-rate="0.78" branch-rate="0">
					<methods/>
					<lines>
						<line number="1" hits="1"/>
						<line number="3" hits="1"/>
						<line number="12" hits="1"/>
						<line number="13" hits="1"/>
						<line number="14" hits="1"/>
						<line number="15" hits="1"/>
						<line number="18" hits="1"/>
						<line number="19" hits="1"/>
						<line number="20" hits="1"/>
						<line number="22" hits="1"/>
						<line number="24" hits="1"/>
						<line number="25" hits="1"/>
						<line number="27" hits="1"/>
						<line number="28" hits="1"/>
						<line number="30" hits="1"/>
						<line number="31" hits="1"/>
						<line number="33" hits="1"/>
						<line number="34" hits="0"/>
						<line number="35" hits="0"/>
						<line number="37" hits="1"/>
						<line number="38" hits="1"/>
						<line number="39" hits="1"/>
						<line number="40" hits="1"/>
						<line number="41" hits="1"/>
						<line number="42" hits="1"/>
						<line number="44" hits="1"/>
						<line number="45" hits="0"/>
						<line number="46" hits="0"/>
						<line number="47" hits="0"/>
						<line number="48" hits="0"/>
						<line number="49" hits="0"/>
						<line number="51" hits="1"/>
						<line number="52" hits="1"/>
						<line number="53" hits="1"/>
						<line number="54" hits="1"/>
						<line number="55" hits="0"/>
						<line number="57" hits="1"/>
						<line number="58" hits="1"/>
						<line number="59" hits="0"/>
						<line number="60" hits="1"/>
						<line number="62" hits="1"/>
						<line number="63" hits="0"/>
						<line number="64" hits="0"/>
						<line number="66" hits="1"/>
						<line number="67" hits="1"/>
						<line number="68" hits="1"/>
						<line number="69" hits="1"/>
						<line number="71" hits="0"/>
						<line number="74" hits="1"/>
						<line number="75" hits="1"/>
						<line number="77" hits="1"/>
						<line number="78" hits="1"/>
						<line number="81" hits="1"/>
						<line number="82" hits="1"/>
						<line number="83" hits="1"/>
						<line number="84" hits="1"/>
						<line number="87" hits="1"/>
						<line number="90" hits="1"/>
						<line number="92" hits="1"/>
						<line number="93" hits="0"/>
						<line number="95" hits="1"/>
						<line number="97" hits="1"/>
						<line number="98" hits="1"/>
						<line number="101" hits="1"/>
						<line number="110" hits="1"/>
						<line number="112" hits="1"/>
						<line number="114" hits="1"/>
						<line number="116" hits="1"/>
						<line number="117" hits="1"/>
						<line number="118" hits="1"/>
						<line number="119" hits="0"/>
						<line number="122" hits="1"/>
						<line number="124" hits="1"/>
						<line number="125" hits="1"/>
						<line number="128" hits="1"/>
						<line number="129" hits="1"/>
						<line number="130" hits="1"/>
						<line number="133" hits="1"/>
						<line number="134" hits="1"/>
						<line number="156" hits="1"/>
						<line number="158" hits="1"/>
						<line number="159" hits="1"/>
						<line number="160" hits="1"/>
						<line number="161" hits="0"/>
						<line number="162" hits="1"/>
						<line number="165" hits="1"/>
						<line number="170" hits="1"/>
						<line number="171" hits="1"/>
						<line number="174" hits="1"/>
						<line number="175" hits="1"/>
						<line number="176" hits="1"/>
						<line number="179" hits="0"/>
						<line number="180" hits="0"/>
						<line number="183" hits="0"/>
						<line number="184" hits="0"/>
						<line number="187" hits="0"/>
						<line number="189" hits="1"/>
						<line number="190" hits="0"/>
						<line number="192" hits="1"/>
						<line number="193" hits="0"/>
					</lines>
				</class>
				<class name="shtest_to_shellframework_visitor.py" filename="ast/shtest_to_shellframework_visitor.py" complexity="0" line-rate="0.4022" branch-rate="0">
					<methods/>
					<lines>
						<line number="1" hits="1"/>
						<line number="2" hits="1"/>
						<line number="3" hits="1"/>
						<line number="5" hits="1"/>
						<line number="13" hits="1"/>
						<line number="16" hits="1"/>
						<line number="17" hits="1"/>
						<line number="22" hits="1"/>
						<line number="23" hits="1"/>
						<line number="24" hits="1"/>
						<line number="25" hits="1"/>
						<line number="26" hits="1"/>
						<line number="29" hits="1"/>
						<line number="30" hits="1"/>
						<line number="31" hits="1"/>
						<line number="32" hits="1"/>
						<line number="33" hits="1"/>
						<line number="34" hits="1"/>
						<line number="35" hits="1"/>
						<line number="36" hits="1"/>
						<line number="38" hits="1"/>
						<line number="40" hits="1"/>
						<line number="41" hits="0"/>
						<line number="43" hits="1"/>
						<line number="45" hits="1"/>
						<line number="46" hits="0"/>
						<line number="47" hits="0"/>
						<line number="49" hits="0"/>
						<line number="52" hits="0"/>
						<line number="53" hits="0"/>
						<line number="55" hits="1"/>
						<line number="56" hits="0"/>
						<line number="57" hits="0"/>
						<line number="59" hits="1"/>
						<line number="60" hits="1"/>
						<line number="61" hits="1"/>
						<line number="62" hits="0"/>
						<line number="67" hits="1"/>
						<line number="68" hits="1"/>
						<line number="69" hits="1"/>
						<line number="70" hits="0"/>
						<line number="73" hits="1"/>
						<line number="74" hits="1"/>
						<line number="75" hits="1"/>
						<line number="76" hits="0"/>
						<line number="80" hits="1"/>
						<line number="81" hits="1"/>
						<line number="82" hits="0"/>
						<line number="84" hits="1"/>
						<line number="85" hits="1"/>
						<line number="86" hits="1"/>
						<line number="87" hits="0"/>
						<line number="90" hits="1"/>
						<line number="92" hits="0"/>
						<line number="93" hits="0"/>
						<line number="94" hits="0"/>
						<line number="98" hits="0"/>
						<line number="100" hits="0"/>
						<line number="101" hits="0"/>
						<line number="102" hits="0"/>
						<line number="105" hits="0"/>
						<line number="108" hits="0"/>
						<line number="109" hits="0"/>
						<line number="110" hits="0"/>
						<line number="111" hits="0"/>
						<line number="114" hits="0"/>
						<line number="115" hits="0"/>
						<line number="116" hits="0"/>
						<line number="119" hits="0"/>
						<line number="120" hits="0"/>
						<line number="121" hits="0"/>
						<line number="122" hits="0"/>
						<line number="125" hits="0"/>
						<line number="126" hits="0"/>
						<line number="127" hits="0"/>
						<line number="128" hits="0"/>
						<line number="131" hits="0"/>
						<line number="133" hits="0"/>
						<line number="134" hits="0"/>
						<line number="137" hits="0"/>
						<line number="138" hits="0"/>
						<line number="139" hits="0"/>
						<line number="140" hits="0"/>
						<line number="144" hits="0"/>
						<line number="145" hits="0"/>
						<line number="146" hits="0"/>
						<line number="149" hits="0"/>
						<line number="150" hits="0"/>
						<line number="151" hits="0"/>
						<line number="152" hits="0"/>
						<line number="153" hits="0"/>
						<line number="154" hits="0"/>
						<line number="155" hits="0"/>
						<line number="158" hits="0"/>
						<line number="159" hits="0"/>
						<line number="160" hits="0"/>
						<line number="161" hits="0"/>
						<line number="163" hits="0"/>
						<line number="165" hits="0"/>
						<line number="166" hits="0"/>
						<line number="167" hits="0"/>
						<line number="168" hits="0"/>
						<line number="171" hits="0"/>
						<line number="172" hits="0"/>
						<line number="173" hits="0"/>
						<line number="174" hits="0"/>
						<line number="175" hits="0"/>
						<line number="176" hits="0"/>
						<line number="177" hits="0"/>
						<line number="178" hits="0"/>
						<line number="180" hits="1"/>
						<line number="182" hits="1"/>
						<line number="183" hits="1"/>
						<line number="184" hits="1"/>
						<line number="185" hits="1"/>
						<line number="187" hits="1"/>
						<line number="188" hits="1"/>
						<line number="189" hits="0"/>
						<line number="190" hits="0"/>
						<line number="192" hits="1"/>
						<line number="193" hits="0"/>
						<line number="194" hits="0"/>
						<line number="197" hits="0"/>
						<line number="198" hits="0"/>
						<line number="199" hits="0"/>
						<line number="204" hits="0"/>
						<line number="207" hits="0"/>
						<line number="208" hits="0"/>
						<line number="212" hits="0"/>
						<line number="213" hits="0"/>
						<line number="217" hits="0"/>
						<line number="221" hits="1"/>
						<line number="222" hits="1"/>
						<line number="223" hits="1"/>
						<line number="224" hits="1"/>
						<line number="225" hits="1"/>
						<line number="226" hits="1"/>
						<line number="227" hits="0"/>
						<line number="230" hits="0"/>
						<line number="231" hits="0"/>
						<line number="235" hits="0"/>
						<line number="239" hits="1"/>
						<line number="240" hits="1"/>
						<line number="245" hits="1"/>
						<line number="250" hits="1"/>
						<line number="254" hits="1"/>
						<line number="255" hits="1"/>
						<line number="257" hits="0"/>
						<line number="262" hits="0"/>
						<line number="266" hits="0"/>
						<line number="267" hits="1"/>
						<line number="271" hits="1"/>
						<line number="303" hits="1"/>
						<line number="307" hits="1"/>
						<line number="311" hits="1"/>
						<line number="312" hits="1"/>
						<line number="313" hits="0"/>
						<line number="317" hits="1"/>
						<line number="324" hits="0"/>
						<line number="325" hits="0"/>
						<line number="328" hits="0"/>
						<line number="329" hits="0"/>
						<line number="330" hits="0"/>
						<line number="331" hits="0"/>
						<line number="332" hits="0"/>
						<line number="333" hits="0"/>
						<line number="334" hits="0"/>
						<line number="335" hits="0"/>
						<line number="338" hits="0"/>
						<line number="339" hits="0"/>
						<line number="340" hits="0"/>
						<line number="341" hits="0"/>
						<line number="345" hits="0"/>
						<line number="353" hits="1"/>
						<line number="354" hits="0"/>
						<line number="357" hits="1"/>
						<line number="364" hits="1"/>
						<line number="369" hits="1"/>
						<line number="370" hits="1"/>
					</lines>
				</class>
				<class name="visitor.py" filename="ast/visitor.py" complexity="0" line-rate="1" branch-rate="0">
					<methods/>
					<lines>
						<line number="6" hits="1"/>
						<line number="7" hits="1"/>
						<line number="10" hits="1"/>
						<line number="13" hits="1"/>
						<line number="16" hits="1"/>
						<line number="17" hits="1"/>
						<line number="18" hits="1"/>
						<line number="19" hits="1"/>
						<line number="22" hits="1"/>
						<line number="23" hits="1"/>
						<line number="24" hits="1"/>
						<line number="25" hits="1"/>
						<line number="26" hits="1"/>
					</lines>
				</class>
			</classes>
		</package>
		<package name="compiler" line-rate="0.3524" branch-rate="0" complexity="0">
			<classes>
				<class name="__init__.py" filename="compiler/__init__.py" complexity="0" line-rate="1" branch-rate="0">
					<methods/>
					<lines>
						<line number="2" hits="1"/>
					</lines>
				</class>
				<class name="action_utils.py" filename="compiler/action_utils.py" complexity="0" line-rate="0.5855" branch-rate="0">
					<methods/>
					<lines>
						<line number="1" hits="1"/>
						<line number="2" hits="1"/>
						<line number="3" hits="1"/>
						<line number="4" hits="1"/>
						<line number="6" hits="1"/>
						<line number="8" hits="1"/>
						<line number="15" hits="1"/>
						<line number="16" hits="1"/>
						<line number="19" hits="1"/>
						<line number="20" hits="1"/>
						<line number="21" hits="1"/>
						<line number="22" hits="0"/>
						<line number="23" hits="1"/>
						<line number="24" hits="1"/>
						<line number="27" hits="1"/>
						<line number="31" hits="1"/>
						<line number="32" hits="1"/>
						<line number="33" hits="1"/>
						<line number="34" hits="0"/>
						<line number="35" hits="0"/>
						<line number="38" hits="1"/>
						<line number="42" hits="1"/>
						<line number="43" hits="1"/>
						<line number="44" hits="1"/>
						<line number="45" hits="1"/>
						<line number="46" hits="0"/>
						<line number="47" hits="0"/>
						<line number="50" hits="1"/>
						<line number="54" hits="0"/>
						<line number="55" hits="0"/>
						<line number="56" hits="0"/>
						<line number="57" hits="0"/>
						<line number="58" hits="0"/>
						<line number="61" hits="1"/>
						<line number="65" hits="0"/>
						<line number="66" hits="0"/>
						<line number="67" hits="0"/>
						<line number="72" hits="0"/>
						<line number="73" hits="0"/>
						<line number="76" hits="1"/>
						<line number="77" hits="0"/>
						<line number="80" hits="1"/>
						<line number="81" hits="0"/>
						<line number="84" hits="1"/>
						<line number="85" hits="1"/>
						<line number="86" hits="1"/>
						<line number="87" hits="1"/>
						<line number="88" hits="1"/>
						<line number="91" hits="1"/>
						<line number="96" hits="1"/>
						<line number="99" hits="1"/>
						<line number="100" hits="1"/>
						<line number="101" hits="1"/>
						<line number="102" hits="1"/>
						<line number="104" hits="1"/>
						<line number="105" hits="1"/>
						<line number="107" hits="1"/>
						<line number="108" hits="1"/>
						<line number="110" hits="1"/>
						<line number="111" hits="1"/>
						<line number="113" hits="1"/>
						<line number="115" hits="1"/>
						<line number="116" hits="1"/>
						<line number="117" hits="1"/>
						<line number="120" hits="1"/>
						<line number="123" hits="1"/>
						<line number="124" hits="1"/>
						<line number="126" hits="1"/>
						<line number="127" hits="1"/>
						<line number="130" hits="1"/>
						<line number="133" hits="1"/>
						<line number="134" hits="1"/>
						<line number="135" hits="1"/>
						<line number="136" hits="1"/>
						<line number="138" hits="1"/>
						<line number="146" hits="1"/>
						<line number="151" hits="1"/>
						<line number="153" hits="1"/>
						<line number="154" hits="1"/>
						<line number="155" hits="1"/>
						<line number="156" hits="1"/>
						<line number="157" hits="0"/>
						<line number="160" hits="0"/>
						<line number="161" hits="0"/>
						<line number="162" hits="0"/>
						<line number="163" hits="0"/>
						<line number="165" hits="1"/>
						<line number="166" hits="1"/>
						<line number="167" hits="0"/>
						<line number="171" hits="1"/>
						<line number="172" hits="1"/>
						<line number="173" hits="1"/>
						<line number="174" hits="1"/>
						<line number="175" hits="0"/>
						<line number="180" hits="1"/>
						<line number="182" hits="1"/>
						<line number="183" hits="1"/>
						<line number="184" hits="0"/>
						<line number="187" hits="1"/>
						<line number="188" hits="1"/>
						<line number="189" hits="0"/>
						<line number="190" hits="0"/>
						<line number="193" hits="0"/>
						<line number="199" hits="1"/>
						<line number="200" hits="0"/>
						<line number="201" hits="0"/>
						<line number="204" hits="0"/>
						<line number="206" hits="1"/>
						<line number="207" hits="1"/>
						<line number="208" hits="1"/>
						<line number="209" hits="1"/>
						<line number="210" hits="0"/>
						<line number="212" hits="1"/>
						<line number="213" hits="1"/>
						<line number="214" hits="1"/>
						<line number="215" hits="0"/>
						<line number="218" hits="1"/>
						<line number="219" hits="1"/>
						<line number="220" hits="0"/>
						<line number="221" hits="0"/>
						<line number="224" hits="0"/>
						<line number="230" hits="1"/>
						<line number="231" hits="0"/>
						<line number="232" hits="0"/>
						<line number="235" hits="0"/>
						<line number="241" hits="1"/>
						<line number="242" hits="1"/>
						<line number="243" hits="1"/>
						<line number="244" hits="0"/>
						<line number="247" hits="1"/>
						<line number="248" hits="1"/>
						<line number="249" hits="0"/>
						<line number="252" hits="1"/>
						<line number="257" hits="0"/>
						<line number="258" hits="0"/>
						<line number="260" hits="1"/>
						<line number="261" hits="0"/>
						<line number="262" hits="1"/>
						<line number="265" hits="1"/>
						<line number="275" hits="0"/>
						<line number="278" hits="0"/>
						<line number="279" hits="0"/>
						<line number="280" hits="0"/>
						<line number="281" hits="0"/>
						<line number="284" hits="1"/>
						<line number="289" hits="0"/>
						<line number="290" hits="0"/>
						<line number="291" hits="0"/>
						<line number="292" hits="0"/>
						<line number="293" hits="0"/>
						<line number="295" hits="0"/>
						<line number="297" hits="0"/>
						<line number="299" hits="0"/>
						<line number="300" hits="0"/>
						<line number="303" hits="0"/>
						<line number="305" hits="0"/>
						<line number="306" hits="0"/>
						<line number="308" hits="0"/>
						<line number="309" hits="0"/>
						<line number="316" hits="0"/>
						<line number="317" hits="0"/>
						<line number="318" hits="0"/>
						<line number="319" hits="0"/>
						<line number="324" hits="0"/>
						<line number="325" hits="0"/>
						<line number="327" hits="0"/>
						<line number="330" hits="1"/>
						<line number="340" hits="0"/>
						<line number="343" hits="0"/>
						<line number="344" hits="0"/>
						<line number="345" hits="0"/>
						<line number="346" hits="0"/>
						<line number="354" hits="1"/>
						<line number="364" hits="1"/>
						<line number="367" hits="1"/>
						<line number="368" hits="1"/>
						<line number="369" hits="1"/>
						<line number="370" hits="1"/>
						<line number="371" hits="1"/>
						<line number="379" hits="0"/>
						<line number="380" hits="0"/>
						<line number="383" hits="1"/>
						<line number="384" hits="1"/>
						<line number="385" hits="1"/>
						<line number="386" hits="1"/>
						<line number="387" hits="1"/>
						<line number="396" hits="0"/>
						<line number="397" hits="0"/>
						<line number="399" hits="1"/>
						<line number="402" hits="1"/>
						<line number="413" hits="1"/>
						<line number="414" hits="1"/>
						<line number="416" hits="1"/>
						<line number="418" hits="1"/>
						<line number="419" hits="1"/>
						<line number="420" hits="1"/>
						<line number="423" hits="1"/>
						<line number="424" hits="1"/>
						<line number="425" hits="1"/>
						<line number="428" hits="1"/>
						<line number="429" hits="1"/>
						<line number="430" hits="1"/>
						<line number="433" hits="1"/>
						<line number="434" hits="1"/>
						<line number="435" hits="1"/>
						<line number="437" hits="1"/>
						<line number="438" hits="1"/>
						<line number="440" hits="1"/>
						<line number="443" hits="1"/>
						<line number="453" hits="1"/>
						<line number="454" hits="1"/>
						<line number="455" hits="1"/>
						<line number="457" hits="1"/>
						<line number="458" hits="1"/>
						<line number="466" hits="0"/>
						<line number="467" hits="0"/>
						<line number="470" hits="0"/>
						<line number="480" hits="1"/>
						<line number="491" hits="1"/>
						<line number="501" hits="1"/>
						<line number="502" hits="1"/>
						<line number="505" hits="1"/>
						<line number="506" hits="1"/>
						<line number="509" hits="1"/>
						<line number="510" hits="1"/>
						<line number="513" hits="0"/>
						<line number="515" hits="1"/>
						<line number="518" hits="1"/>
						<line number="519" hits="1"/>
						<line number="520" hits="1"/>
						<line number="521" hits="1"/>
						<line number="524" hits="1"/>
						<line number="527" hits="1"/>
						<line number="529" hits="1"/>
						<line number="530" hits="1"/>
						<line number="533" hits="1"/>
						<line number="536" hits="1"/>
						<line number="538" hits="1"/>
						<line number="539" hits="1"/>
						<line number="541" hits="1"/>
						<line number="544" hits="1"/>
						<line number="549" hits="1"/>
						<line number="551" hits="1"/>
						<line number="552" hits="1"/>
						<line number="553" hits="1"/>
						<line number="554" hits="0"/>
						<line number="556" hits="1"/>
						<line number="557" hits="0"/>
						<line number="559" hits="1"/>
						<line number="560" hits="1"/>
						<line number="561" hits="1"/>
						<line number="563" hits="1"/>
						<line number="564" hits="1"/>
						<line number="565" hits="1"/>
						<line number="566" hits="1"/>
						<line number="570" hits="1"/>
						<line number="571" hits="1"/>
						<line number="572" hits="1"/>
						<line number="573" hits="1"/>
						<line number="575" hits="1"/>
						<line number="576" hits="0"/>
						<line number="579" hits="1"/>
						<line number="582" hits="1"/>
						<line number="592" hits="0"/>
						<line number="602" hits="0"/>
						<line number="603" hits="0"/>
						<line number="604" hits="0"/>
						<line number="605" hits="0"/>
						<line number="607" hits="0"/>
						<line number="608" hits="0"/>
						<line number="609" hits="0"/>
						<line number="610" hits="0"/>
						<line number="611" hits="0"/>
						<line number="612" hits="0"/>
						<line number="613" hits="0"/>
						<line number="614" hits="0"/>
						<line number="615" hits="0"/>
						<line number="616" hits="0"/>
						<line number="617" hits="0"/>
						<line number="618" hits="0"/>
						<line number="619" hits="0"/>
						<line number="620" hits="0"/>
						<line number="621" hits="0"/>
						<line number="622" hits="0"/>
						<line number="625" hits="0"/>
						<line number="626" hits="0"/>
						<line number="627" hits="0"/>
						<line number="628" hits="0"/>
						<line number="629" hits="0"/>
						<line number="630" hits="0"/>
						<line number="631" hits="0"/>
						<line number="632" hits="0"/>
						<line number="633" hits="0"/>
						<line number="634" hits="0"/>
						<line number="635" hits="0"/>
						<line number="636" hits="0"/>
						<line number="638" hits="0"/>
						<line number="640" hits="0"/>
						<line number="643" hits="1"/>
						<line number="650" hits="0"/>
						<line number="651" hits="0"/>
						<line number="653" hits="0"/>
						<line number="654" hits="0"/>
						<line number="656" hits="0"/>
					</lines>
				</class>
				<class name="argument_extractor.py" filename="compiler/argument_extractor.py" complexity="0" line-rate="0.2105" branch-rate="0">
					<methods/>
					<lines>
						<line number="1" hits="1"/>
						<line number="2" hits="1"/>
						<line number="3" hits="1"/>
						<line number="5" hits="1"/>
						<line number="8" hits="1"/>
						<line number="13" hits="1"/>
						<line number="14" hits="0"/>
						<line number="15" hits="0"/>
						<line number="16" hits="0"/>
						<line number="19" hits="1"/>
						<line number="21" hits="0"/>
						<line number="22" hits="0"/>
						<line number="23" hits="0"/>
						<line number="26" hits="1"/>
						<line number="31" hits="0"/>
						<line number="32" hits="0"/>
						<line number="34" hits="0"/>
						<line number="35" hits="0"/>
						<line number="36" hits="0"/>
						<line number="37" hits="0"/>
						<line number="39" hits="0"/>
						<line number="41" hits="0"/>
						<line number="42" hits="0"/>
						<line number="43" hits="0"/>
						<line number="44" hits="0"/>
						<line number="46" hits="0"/>
						<line number="48" hits="0"/>
						<line number="49" hits="0"/>
						<line number="51" hits="0"/>
						<line number="52" hits="0"/>
						<line number="53" hits="0"/>
						<line number="54" hits="0"/>
						<line number="55" hits="0"/>
						<line number="56" hits="0"/>
						<line number="58" hits="0"/>
						<line number="59" hits="0"/>
						<line number="62" hits="0"/>
						<line number="63" hits="0"/>
					</lines>
				</class>
				<class name="ast_compiler.py" filename="compiler/ast_compiler.py" complexity="0" line-rate="0" branch-rate="0">
					<methods/>
					<lines>
						<line number="6" hits="0"/>
						<line number="8" hits="0"/>
						<line number="10" hits="0"/>
						<line number="11" hits="0"/>
						<line number="14" hits="0"/>
						<line number="19" hits="0"/>
						<line number="20" hits="0"/>
						<line number="21" hits="0"/>
						<line number="23" hits="0"/>
						<line number="24" hits="0"/>
						<line number="26" hits="0"/>
						<line number="27" hits="0"/>
						<line number="29" hits="0"/>
						<line number="30" hits="0"/>
						<line number="32" hits="0"/>
						<line number="34" hits="0"/>
						<line number="35" hits="0"/>
						<line number="36" hits="0"/>
						<line number="37" hits="0"/>
						<line number="39" hits="0"/>
						<line number="40" hits="0"/>
						<line number="42" hits="0"/>
						<line number="45" hits="0"/>
						<line number="46" hits="0"/>
						<line number="47" hits="0"/>
					</lines>
				</class>
				<class name="atomic_compiler.py" filename="compiler/atomic_compiler.py" complexity="0" line-rate="0.5455" branch-rate="0">
					<methods/>
					<lines>
						<line number="8" hits="1"/>
						<line number="9" hits="1"/>
						<line number="10" hits="1"/>
						<line number="12" hits="1"/>
						<line number="14" hits="1"/>
						<line number="19" hits="1"/>
						<line number="20" hits="1"/>
						<line number="21" hits="1"/>
						<line number="23" hits="1"/>
						<line number="26" hits="1"/>
						<line number="33" hits="1"/>
						<line number="34" hits="1"/>
						<line number="35" hits="0"/>
						<line number="39" hits="1"/>
						<line number="40" hits="0"/>
						<line number="44" hits="1"/>
						<line number="45" hits="1"/>
						<line number="46" hits="0"/>
						<line number="49" hits="1"/>
						<line number="50" hits="0"/>
						<line number="52" hits="1"/>
						<line number="53" hits="1"/>
						<line number="54" hits="1"/>
						<line number="56" hits="1"/>
						<line number="66" hits="0"/>
						<line number="69" hits="1"/>
						<line number="70" hits="1"/>
						<line number="71" hits="0"/>
						<line number="74" hits="1"/>
						<line number="75" hits="1"/>
						<line number="76" hits="1"/>
						<line number="78" hits="1"/>
						<line number="79" hits="1"/>
						<line number="80" hits="0"/>
						<line number="81" hits="0"/>
						<line number="82" hits="0"/>
						<line number="83" hits="0"/>
						<line number="86" hits="1"/>
						<line number="89" hits="1"/>
						<line number="90" hits="0"/>
						<line number="92" hits="1"/>
						<line number="93" hits="0"/>
						<line number="95" hits="1"/>
						<line number="96" hits="1"/>
						<line number="97" hits="1"/>
						<line number="98" hits="1"/>
						<line number="99" hits="1"/>
						<line number="100" hits="1"/>
						<line number="101" hits="0"/>
						<line number="102" hits="1"/>
						<line number="103" hits="1"/>
						<line number="104" hits="0"/>
						<line number="105" hits="0"/>
						<line number="106" hits="0"/>
						<line number="107" hits="0"/>
						<line number="109" hits="0"/>
						<line number="110" hits="0"/>
						<line number="111" hits="0"/>
						<line number="112" hits="0"/>
						<line number="113" hits="0"/>
						<line number="114" hits="0"/>
						<line number="115" hits="0"/>
						<line number="116" hits="0"/>
						<line number="117" hits="0"/>
						<line number="119" hits="0"/>
						<line number="122" hits="1"/>
						<line number="123" hits="1"/>
						<line number="126" hits="1"/>
						<line number="127" hits="0"/>
						<line number="128" hits="1"/>
						<line number="129" hits="1"/>
						<line number="130" hits="1"/>
						<line number="131" hits="1"/>
						<line number="132" hits="1"/>
						<line number="133" hits="1"/>
						<line number="135" hits="1"/>
						<line number="137" hits="1"/>
						<line number="138" hits="1"/>
						<line number="139" hits="1"/>
						<line number="140" hits="1"/>
						<line number="141" hits="0"/>
						<line number="142" hits="0"/>
						<line number="143" hits="0"/>
						<line number="151" hits="1"/>
						<line number="152" hits="1"/>
						<line number="160" hits="1"/>
						<line number="161" hits="1"/>
						<line number="162" hits="0"/>
						<line number="170" hits="1"/>
						<line number="171" hits="1"/>
						<line number="172" hits="1"/>
						<line number="173" hits="1"/>
						<line number="174" hits="1"/>
						<line number="176" hits="1"/>
						<line number="177" hits="1"/>
						<line number="184" hits="0"/>
						<line number="187" hits="1"/>
						<line number="199" hits="0"/>
						<line number="200" hits="0"/>
						<line number="201" hits="0"/>
						<line number="202" hits="0"/>
						<line number="205" hits="0"/>
						<line number="206" hits="0"/>
						<line number="207" hits="0"/>
						<line number="211" hits="0"/>
						<line number="212" hits="0"/>
						<line number="213" hits="0"/>
						<line number="216" hits="0"/>
						<line number="217" hits="0"/>
						<line number="218" hits="0"/>
						<line number="221" hits="0"/>
						<line number="222" hits="0"/>
						<line number="223" hits="0"/>
						<line number="225" hits="0"/>
						<line number="228" hits="1"/>
						<line number="230" hits="0"/>
						<line number="233" hits="1"/>
						<line number="247" hits="0"/>
						<line number="248" hits="0"/>
						<line number="249" hits="0"/>
						<line number="250" hits="0"/>
					</lines>
				</class>
				<class name="compile_file.py" filename="compiler/compile_file.py" complexity="0" line-rate="0" branch-rate="0">
					<methods/>
					<lines>
						<line number="1" hits="0"/>
						<line number="4" hits="0"/>
						<line number="5" hits="0"/>
						<line number="7" hits="0"/>
						<line number="8" hits="0"/>
						<line number="9" hits="0"/>
						<line number="10" hits="0"/>
					</lines>
				</class>
				<class name="compiler.py" filename="compiler/compiler.py" complexity="0" line-rate="0.3511" branch-rate="0">
					<methods/>
					<lines>
						<line number="8" hits="1"/>
						<line number="9" hits="1"/>
						<line number="10" hits="1"/>
						<line number="12" hits="1"/>
						<line number="14" hits="1"/>
						<line number="15" hits="1"/>
						<line number="16" hits="1"/>
						<line number="17" hits="1"/>
						<line number="18" hits="1"/>
						<line number="19" hits="1"/>
						<line number="20" hits="1"/>
						<line number="23" hits="1"/>
						<line number="26" hits="1"/>
						<line number="43" hits="1"/>
						<line number="44" hits="1"/>
						<line number="45" hits="1"/>
						<line number="46" hits="1"/>
						<line number="49" hits="1"/>
						<line number="56" hits="1"/>
						<line number="57" hits="1"/>
						<line number="58" hits="1"/>
						<line number="61" hits="1"/>
						<line number="62" hits="1"/>
						<line number="64" hits="1"/>
						<line number="71" hits="0"/>
						<line number="72" hits="0"/>
						<line number="73" hits="0"/>
						<line number="75" hits="0"/>
						<line number="76" hits="0"/>
						<line number="77" hits="0"/>
						<line number="79" hits="0"/>
						<line number="80" hits="0"/>
						<line number="81" hits="0"/>
						<line number="82" hits="0"/>
						<line number="84" hits="0"/>
						<line number="88" hits="0"/>
						<line number="89" hits="0"/>
						<line number="90" hits="0"/>
						<line number="91" hits="0"/>
						<line number="95" hits="0"/>
						<line number="96" hits="0"/>
						<line number="97" hits="0"/>
						<line number="98" hits="0"/>
						<line number="99" hits="0"/>
						<line number="100" hits="0"/>
						<line number="101" hits="0"/>
						<line number="102" hits="0"/>
						<line number="103" hits="0"/>
						<line number="104" hits="0"/>
						<line number="105" hits="0"/>
						<line number="106" hits="0"/>
						<line number="107" hits="0"/>
						<line number="108" hits="0"/>
						<line number="110" hits="0"/>
						<line number="111" hits="0"/>
						<line number="112" hits="0"/>
						<line number="113" hits="0"/>
						<line number="115" hits="1"/>
						<line number="134" hits="0"/>
						<line number="135" hits="0"/>
						<line number="136" hits="0"/>
						<line number="139" hits="0"/>
						<line number="144" hits="0"/>
						<line number="145" hits="0"/>
						<line number="147" hits="0"/>
						<line number="148" hits="0"/>
						<line number="153" hits="0"/>
						<line number="155" hits="1"/>
						<line number="160" hits="0"/>
						<line number="162" hits="0"/>
						<line number="165" hits="0"/>
						<line number="166" hits="0"/>
						<line number="167" hits="0"/>
						<line number="169" hits="1"/>
						<line number="171" hits="0"/>
						<line number="172" hits="0"/>
						<line number="174" hits="1"/>
						<line number="176" hits="0"/>
						<line number="177" hits="0"/>
						<line number="179" hits="0"/>
						<line number="180" hits="0"/>
						<line number="182" hits="1"/>
						<line number="184" hits="0"/>
						<line number="185" hits="0"/>
						<line number="187" hits="0"/>
						<line number="188" hits="0"/>
						<line number="190" hits="1"/>
						<line number="192" hits="0"/>
						<line number="194" hits="1"/>
						<line number="196" hits="0"/>
						<line number="198" hits="1"/>
						<line number="200" hits="0"/>
						<line number="202" hits="1"/>
						<line number="204" hits="0"/>
					</lines>
				</class>
				<class name="context.py" filename="compiler/context.py" complexity="0" line-rate="1" branch-rate="0">
					<methods/>
					<lines>
						<line number="1" hits="1"/>
						<line number="2" hits="1"/>
						<line number="3" hits="1"/>
						<line number="4" hits="1"/>
						<line number="5" hits="1"/>
					</lines>
				</class>
				<class name="matcher_registry.py" filename="compiler/matcher_registry.py" complexity="0" line-rate="0.3165" branch-rate="0">
					<methods/>
					<lines>
						<line number="2" hits="1"/>
						<line number="4" hits="1"/>
						<line number="7" hits="1"/>
						<line number="12" hits="1"/>
						<line number="13" hits="1"/>
						<line number="14" hits="1"/>
						<line number="16" hits="1"/>
						<line number="19" hits="1"/>
						<line number="24" hits="0"/>
						<line number="26" hits="0"/>
						<line number="28" hits="0"/>
						<line number="29" hits="0"/>
						<line number="31" hits="0"/>
						<line number="33" hits="0"/>
						<line number="36" hits="0"/>
						<line number="37" hits="0"/>
						<line number="38" hits="0"/>
						<line number="39" hits="0"/>
						<line number="42" hits="1"/>
						<line number="45" hits="1"/>
						<line number="46" hits="1"/>
						<line number="47" hits="1"/>
						<line number="49" hits="1"/>
						<line number="51" hits="1"/>
						<line number="53" hits="1"/>
						<line number="55" hits="1"/>
						<line number="58" hits="1"/>
						<line number="59" hits="1"/>
						<line number="60" hits="1"/>
						<line number="61" hits="1"/>
						<line number="63" hits="0"/>
						<line number="65" hits="1"/>
						<line number="76" hits="0"/>
						<line number="78" hits="0"/>
						<line number="79" hits="0"/>
						<line number="84" hits="0"/>
						<line number="86" hits="0"/>
						<line number="87" hits="0"/>
						<line number="88" hits="0"/>
						<line number="91" hits="0"/>
						<line number="92" hits="0"/>
						<line number="95" hits="0"/>
						<line number="98" hits="0"/>
						<line number="99" hits="0"/>
						<line number="100" hits="0"/>
						<line number="101" hits="0"/>
						<line number="104" hits="0"/>
						<line number="105" hits="0"/>
						<line number="107" hits="0"/>
						<line number="108" hits="0"/>
						<line number="109" hits="0"/>
						<line number="112" hits="0"/>
						<line number="113" hits="0"/>
						<line number="114" hits="0"/>
						<line number="116" hits="0"/>
						<line number="118" hits="0"/>
						<line number="120" hits="0"/>
						<line number="121" hits="0"/>
						<line number="122" hits="0"/>
						<line number="126" hits="0"/>
						<line number="127" hits="0"/>
						<line number="128" hits="0"/>
						<line number="130" hits="0"/>
						<line number="131" hits="0"/>
						<line number="133" hits="1"/>
						<line number="135" hits="0"/>
						<line number="136" hits="0"/>
						<line number="139" hits="0"/>
						<line number="141" hits="1"/>
						<line number="143" hits="0"/>
						<line number="145" hits="1"/>
						<line number="147" hits="0"/>
						<line number="149" hits="1"/>
						<line number="151" hits="0"/>
						<line number="152" hits="0"/>
						<line number="153" hits="0"/>
						<line number="154" hits="0"/>
						<line number="155" hits="0"/>
						<line number="156" hits="0"/>
					</lines>
				</class>
				<class name="shell_framework_builder.py" filename="compiler/shell_framework_builder.py" complexity="0" line-rate="0" branch-rate="0">
					<methods/>
					<lines>
						<line number="1" hits="0"/>
						<line number="2" hits="0"/>
						<line number="4" hits="0"/>
						<line number="12" hits="0"/>
						<line number="14" hits="0"/>
						<line number="15" hits="0"/>
						<line number="21" hits="0"/>
						<line number="22" hits="0"/>
						<line number="26" hits="0"/>
						<line number="27" hits="0"/>
						<line number="28" hits="0"/>
						<line number="31" hits="0"/>
						<line number="32" hits="0"/>
						<line number="34" hits="0"/>
						<line number="35" hits="0"/>
						<line number="38" hits="0"/>
						<line number="40" hits="0"/>
						<line number="41" hits="0"/>
						<line number="42" hits="0"/>
						<line number="43" hits="0"/>
						<line number="44" hits="0"/>
						<line number="47" hits="0"/>
						<line number="48" hits="0"/>
						<line number="49" hits="0"/>
						<line number="50" hits="0"/>
						<line number="51" hits="0"/>
						<line number="52" hits="0"/>
						<line number="55" hits="0"/>
						<line number="56" hits="0"/>
						<line number="59" hits="0"/>
						<line number="60" hits="0"/>
						<line number="62" hits="0"/>
						<line number="67" hits="0"/>
						<line number="69" hits="0"/>
						<line number="71" hits="0"/>
						<line number="73" hits="0"/>
						<line number="80" hits="0"/>
						<line number="81" hits="0"/>
						<line number="86" hits="0"/>
						<line number="87" hits="0"/>
						<line number="88" hits="0"/>
						<line number="90" hits="0"/>
						<line number="91" hits="0"/>
						<line number="92" hits="0"/>
						<line number="93" hits="0"/>
						<line number="94" hits="0"/>
						<line number="95" hits="0"/>
						<line number="97" hits="0"/>
						<line number="100" hits="0"/>
						<line number="101" hits="0"/>
						<line number="104" hits="0"/>
						<line number="106" hits="0"/>
						<line number="112" hits="0"/>
						<line number="117" hits="0"/>
						<line number="124" hits="0"/>
						<line number="125" hits="0"/>
						<line number="127" hits="0"/>
						<line number="132" hits="0"/>
						<line number="136" hits="0"/>
						<line number="137" hits="0"/>
						<line number="142" hits="0"/>
						<line number="172" hits="0"/>
					</lines>
				</class>
				<class name="shell_framework_emitter.py" filename="compiler/shell_framework_emitter.py" complexity="0" line-rate="0" branch-rate="0">
					<methods/>
					<lines>
						<line number="1" hits="0"/>
						<line number="3" hits="0"/>
						<line number="12" hits="0"/>
						<line number="13" hits="0"/>
						<line number="15" hits="0"/>
						<line number="16" hits="0"/>
						<line number="18" hits="0"/>
						<line number="19" hits="0"/>
						<line number="20" hits="0"/>
						<line number="21" hits="0"/>
						<line number="22" hits="0"/>
						<line number="23" hits="0"/>
						<line number="24" hits="0"/>
						<line number="26" hits="0"/>
						<line number="27" hits="0"/>
						<line number="28" hits="0"/>
						<line number="29" hits="0"/>
						<line number="30" hits="0"/>
						<line number="31" hits="0"/>
						<line number="32" hits="0"/>
						<line number="33" hits="0"/>
						<line number="34" hits="0"/>
						<line number="35" hits="0"/>
						<line number="36" hits="0"/>
						<line number="37" hits="0"/>
						<line number="38" hits="0"/>
						<line number="39" hits="0"/>
						<line number="40" hits="0"/>
						<line number="41" hits="0"/>
						<line number="42" hits="0"/>
						<line number="43" hits="0"/>
					</lines>
				</class>
				<class name="shell_generator.py" filename="compiler/shell_generator.py" complexity="0" line-rate="0.2841" branch-rate="0">
					<methods/>
					<lines>
						<line number="7" hits="1"/>
						<line number="8" hits="1"/>
						<line number="9" hits="1"/>
						<line number="10" hits="1"/>
						<line number="12" hits="1"/>
						<line number="14" hits="1"/>
						<line number="15" hits="1"/>
						<line number="16" hits="1"/>
						<line number="19" hits="1"/>
						<line number="22" hits="1"/>
						<line number="23" hits="1"/>
						<line number="24" hits="1"/>
						<line number="26" hits="1"/>
						<line number="27" hits="1"/>
						<line number="28" hits="1"/>
						<line number="29" hits="1"/>
						<line number="34" hits="1"/>
						<line number="35" hits="1"/>
						<line number="36" hits="1"/>
						<line number="39" hits="1"/>
						<line number="50" hits="0"/>
						<line number="52" hits="0"/>
						<line number="53" hits="0"/>
						<line number="58" hits="0"/>
						<line number="59" hits="0"/>
						<line number="60" hits="0"/>
						<line number="62" hits="0"/>
						<line number="64" hits="0"/>
						<line number="65" hits="0"/>
						<line number="66" hits="0"/>
						<line number="67" hits="0"/>
						<line number="75" hits="0"/>
						<line number="76" hits="0"/>
						<line number="77" hits="0"/>
						<line number="82" hits="0"/>
						<line number="83" hits="0"/>
						<line number="84" hits="0"/>
						<line number="87" hits="0"/>
						<line number="88" hits="0"/>
						<line number="89" hits="0"/>
						<line number="90" hits="0"/>
						<line number="91" hits="0"/>
						<line number="92" hits="0"/>
						<line number="95" hits="0"/>
						<line number="96" hits="0"/>
						<line number="97" hits="0"/>
[...]
						<line number="200" hits="1"/>
						<line number="201" hits="1"/>
						<line number="202" hits="1"/>
						<line number="207" hits="1"/>
						<line number="208" hits="1"/>
						<line number="209" hits="1"/>
						<line number="210" hits="0"/>
						<line number="211" hits="1"/>
						<line number="212" hits="0"/>
						<line number="213" hits="0"/>
						<line number="214" hits="0"/>
						<line number="215" hits="0"/>
						<line number="217" hits="1"/>
						<line number="219" hits="1"/>
						<line number="220" hits="1"/>
						<line number="222" hits="1"/>
						<line number="225" hits="1"/>
						<line number="226" hits="1"/>
						<line number="227" hits="1"/>
						<line number="228" hits="1"/>
						<line number="229" hits="1"/>
						<line number="230" hits="1"/>
						<line number="231" hits="1"/>
						<line number="232" hits="1"/>
						<line number="233" hits="1"/>
						<line number="234" hits="1"/>
						<line number="235" hits="1"/>
						<line number="237" hits="1"/>
						<line number="238" hits="1"/>
						<line number="240" hits="1"/>
						<line number="241" hits="1"/>
						<line number="242" hits="1"/>
						<line number="245" hits="1"/>
					</lines>
				</class>
			</classes>
		</package>
		<package name="parser.lexer" line-rate="0.7" branch-rate="0" complexity="0">
			<classes>
				<class name="__init__.py" filename="parser/lexer/__init__.py" complexity="0" line-rate="1" branch-rate="0">
					<methods/>
					<lines>
						<line number="11" hits="1"/>
						<line number="12" hits="1"/>
						<line number="13" hits="1"/>
						<line number="21" hits="1"/>
						<line number="23" hits="1"/>
					</lines>
				</class>
				<class name="configurable_lexer.py" filename="parser/lexer/configurable_lexer.py" complexity="0" line-rate="0.6545" branch-rate="0">
					<methods/>
					<lines>
						<line number="5" hits="1"/>
						<line number="6" hits="1"/>
						<line number="8" hits="1"/>
						<line number="10" hits="1"/>
						<line number="11" hits="1"/>
						<line number="12" hits="1"/>
						<line number="13" hits="1"/>
						<line number="14" hits="1"/>
						<line number="16" hits="1"/>
						<line number="21" hits="1"/>
						<line number="24" hits="1"/>
						<line number="41" hits="1"/>
						<line number="42" hits="1"/>
						<line number="43" hits="1"/>
						<line number="44" hits="1"/>
						<line number="47" hits="1"/>
						<line number="48" hits="0"/>
						<line number="51" hits="1"/>
						<line number="52" hits="1"/>
						<line number="54" hits="1"/>
						<line number="55" hits="1"/>
						<line number="57" hits="1"/>
						<line number="59" hits="0"/>
						<line number="60" hits="0"/>
						<line number="61" hits="0"/>
						<line number="64" hits="0"/>
						<line number="65" hits="0"/>
						<line number="66" hits="0"/>
						<line number="67" hits="0"/>
						<line number="68" hits="0"/>
						<line number="71" hits="0"/>
						<line number="72" hits="0"/>
						<line number="73" hits="0"/>
						<line number="74" hits="0"/>
						<line number="75" hits="0"/>
						<line number="77" hits="0"/>
						<line number="80" hits="0"/>
						<line number="82" hits="1"/>
						<line number="84" hits="0"/>
						<line number="86" hits="0"/>
						<line number="87" hits="0"/>
						<line number="88" hits="0"/>
						<line number="89" hits="0"/>
						<line number="91" hits="0"/>
						<line number="93" hits="1"/>
						<line number="95" hits="0"/>
						<line number="97" hits="0"/>
						<line number="98" hits="0"/>
						<line number="99" hits="0"/>
						<line number="100" hits="0"/>
						<line number="102" hits="0"/>
						<line number="104" hits="1"/>
						<line number="106" hits="1"/>
						<line number="108" hits="1"/>
						<line number="109" hits="1"/>
						<line number="118" hits="1"/>
						<line number="119" hits="1"/>
						<line number="127" hits="1"/>
						<line number="128" hits="1"/>
						<line number="138" hits="1"/>
						<line number="139" hits="1"/>
						<line number="149" hits="1"/>
						<line number="150" hits="1"/>
						<line number="160" hits="1"/>
						<line number="161" hits="1"/>
						<line number="169" hits="1"/>
						<line number="172" hits="0"/>
						<line number="173" hits="0"/>
						<line number="174" hits="0"/>
						<line number="176" hits="1"/>
						<line number="178" hits="1"/>
						<line number="179" hits="1"/>
						<line number="181" hits="1"/>
						<line number="185" hits="1"/>
						<line number="186" hits="1"/>
						<line number="187" hits="1"/>
						<line number="188" hits="1"/>
						<line number="189" hits="1"/>
						<line number="190" hits="1"/>
						<line number="191" hits="1"/>
						<line number="192" hits="1"/>
						<line number="194" hits="1"/>
						<line number="199" hits="1"/>
						<line number="200" hits="1"/>
						<line number="201" hits="1"/>
						<line number="202" hits="1"/>
						<line number="204" hits="0"/>
						<line number="209" hits="0"/>
						<line number="211" hits="1"/>
						<line number="216" hits="1"/>
						<line number="217" hits="1"/>
						<line number="218" hits="1"/>
						<line number="220" hits="1"/>
						<line number="225" hits="1"/>
						<line number="227" hits="1"/>
						<line number="228" hits="1"/>
						<line number="229" hits="1"/>
						<line number="230" hits="1"/>
						<line number="231" hits="1"/>
						<line number="233" hits="1"/>
						<line number="235" hits="0"/>
						<line number="238" hits="0"/>
						<line number="239" hits="0"/>
						<line number="240" hits="0"/>
						<line number="244" hits="1"/>
						<line number="246" hits="1"/>
						<line number="248" hits="1"/>
						<line number="250" hits="0"/>
						<line number="252" hits="1"/>
						<line number="254" hits="1"/>
					</lines>
				</class>
				<class name="core.py" filename="parser/lexer/core.py" complexity="0" line-rate="1" branch-rate="0">
					<methods/>
					<lines>
						<line number="7" hits="1"/>
						<line number="8" hits="1"/>
						<line number="9" hits="1"/>
						<line number="12" hits="1"/>
						<line number="15" hits="1"/>
						<line number="16" hits="1"/>
						<line number="17" hits="1"/>
						<line number="18" hits="1"/>
						<line number="19" hits="1"/>
						<line number="20" hits="1"/>
						<line number="21" hits="1"/>
						<line number="22" hits="1"/>
						<line number="25" hits="1"/>
						<line number="26" hits="1"/>
						<line number="29" hits="1"/>
						<line number="30" hits="1"/>
						<line number="31" hits="1"/>
						<line number="32" hits="1"/>
						<line number="33" hits="1"/>
						<line number="34" hits="1"/>
						<line number="35" hits="1"/>
						<line number="37" hits="1"/>
						<line number="39" hits="1"/>
						<line number="40" hits="1"/>
						<line number="41" hits="1"/>
						<line number="42" hits="1"/>
						<line number="43" hits="1"/>
						<line number="44" hits="1"/>
						<line number="46" hits="1"/>
						<line number="47" hits="1"/>
						<line number="49" hits="1"/>
						<line number="51" hits="1"/>
						<line number="53" hits="1"/>
						<line number="54" hits="1"/>
						<line number="67" hits="1"/>
						<line number="70" hits="1"/>
						<line number="73" hits="1"/>
						<line number="74" hits="1"/>
						<line number="75" hits="1"/>
						<line number="76" hits="1"/>
						<line number="77" hits="1"/>
						<line number="79" hits="1"/>
						<line number="81" hits="1"/>
						<line number="82" hits="1"/>
						<line number="83" hits="1"/>
						<line number="84" hits="1"/>
						<line number="86" hits="1"/>
						<line number="87" hits="1"/>
						<line number="88" hits="1"/>
						<line number="89" hits="1"/>
						<line number="91" hits="1"/>
					</lines>
				</class>
				<class name="filters.py" filename="parser/lexer/filters.py" complexity="0" line-rate="0.3902" branch-rate="0">
					<methods/>
					<lines>
						<line number="8" hits="1"/>
						<line number="10" hits="1"/>
						<line number="11" hits="1"/>
						<line number="14" hits="1"/>
						<line number="17" hits="1"/>
						<line number="31" hits="1"/>
						<line number="34" hits="1"/>
						<line number="36" hits="0"/>
						<line number="37" hits="0"/>
						<line number="38" hits="0"/>
						<line number="39" hits="0"/>
						<line number="40" hits="0"/>
						<line number="43" hits="1"/>
						<line number="46" hits="1"/>
						<line number="48" hits="0"/>
						<line number="49" hits="0"/>
						<line number="50" hits="0"/>
						<line number="51" hits="0"/>
						<line number="52" hits="0"/>
						<line number="55" hits="1"/>
						<line number="58" hits="1"/>
						<line number="60" hits="0"/>
						<line number="61" hits="0"/>
						<line number="62" hits="0"/>
						<line number="63" hits="0"/>
						<line number="64" hits="0"/>
						<line number="67" hits="1"/>
						<line number="70" hits="1"/>
						<line number="72" hits="0"/>
						<line number="73" hits="0"/>
						<line number="74" hits="0"/>
						<line number="75" hits="0"/>
						<line number="78" hits="1"/>
						<line number="81" hits="1"/>
						<line number="88" hits="0"/>
						<line number="90" hits="1"/>
						<line number="92" hits="0"/>
						<line number="94" hits="0"/>
						<line number="95" hits="0"/>
						<line number="97" hits="0"/>
						<line number="98" hits="0"/>
					</lines>
				</class>
				<class name="pattern_loader.py" filename="parser/lexer/pattern_loader.py" complexity="0" line-rate="0.7344" branch-rate="0">
					<methods/>
					<lines>
						<line number="7" hits="1"/>
						<line number="8" hits="1"/>
						<line number="9" hits="1"/>
						<line number="10" hits="1"/>
						<line number="12" hits="1"/>
						<line number="15" hits="1"/>
						<line number="18" hits="1"/>
						<line number="24" hits="1"/>
						<line number="25" hits="1"/>
						<line number="29" hits="1"/>
						<line number="30" hits="1"/>
						<line number="31" hits="1"/>
						<line number="32" hits="1"/>
						<line number="34" hits="1"/>
						<line number="45" hits="1"/>
						<line number="46" hits="0"/>
						<line number="48" hits="1"/>
						<line number="49" hits="0"/>
						<line number="52" hits="1"/>
						<line number="53" hits="1"/>
						<line number="56" hits="1"/>
						<line number="57" hits="1"/>
						<line number="59" hits="1"/>
						<line number="61" hits="1"/>
						<line number="63" hits="1"/>
						<line number="66" hits="1"/>
						<line number="74" hits="1"/>
						<line number="75" hits="1"/>
						<line number="76" hits="1"/>
						<line number="77" hits="1"/>
						<line number="78" hits="1"/>
						<line number="81" hits="0"/>
						<line number="82" hits="0"/>
						<line number="85" hits="1"/>
						<line number="86" hits="1"/>
						<line number="90" hits="0"/>
						<line number="91" hits="0"/>
						<line number="92" hits="0"/>
						<line number="93" hits="0"/>
						<line number="94" hits="0"/>
						<line number="96" hits="1"/>
						<line number="105" hits="1"/>
						<line number="106" hits="1"/>
						<line number="108" hits="1"/>
						<line number="110" hits="1"/>
						<line number="116" hits="0"/>
						<line number="117" hits="0"/>
						<line number="119" hits="0"/>
						<line number="121" hits="1"/>
						<line number="127" hits="0"/>
						<line number="128" hits="0"/>
						<line number="130" hits="1"/>
						<line number="143" hits="1"/>
						<line number="144" hits="1"/>
						<line number="145" hits="1"/>
						<line number="146" hits="1"/>
						<line number="147" hits="1"/>
						<line number="148" hits="1"/>
						<line number="149" hits="1"/>
						<line number="150" hits="1"/>
						<line number="152" hits="1"/>
						<line number="158" hits="0"/>
						<line number="159" hits="0"/>
						<line number="161" hits="0"/>
					</lines>
				</class>
				<class name="tokenizers.py" filename="parser/lexer/tokenizers.py" complexity="0" line-rate="0.6812" branch-rate="0">
					<methods/>
					<lines>
						<line number="8" hits="1"/>
						<line number="9" hits="1"/>
						<line number="11" hits="1"/>
						<line number="12" hits="1"/>
						<line number="15" hits="1"/>
						<line number="18" hits="1"/>
						<line number="23" hits="1"/>
						<line number="24" hits="1"/>
						<line number="25" hits="1"/>
						<line number="26" hits="0"/>
						<line number="27" hits="0"/>
						<line number="30" hits="1"/>
						<line number="33" hits="1"/>
						<line number="42" hits="1"/>
						<line number="44" hits="1"/>
						<line number="45" hits="1"/>
						<line number="47" hits="1"/>
						<line number="48" hits="1"/>
						<line number="49" hits="1"/>
						<line number="51" hits="1"/>
						<line number="53" hits="1"/>
						<line number="55" hits="1"/>
						<line number="56" hits="1"/>
						<line number="59" hits="1"/>
						<line number="60" hits="1"/>
						<line number="61" hits="1"/>
						<line number="64" hits="1"/>
						<line number="67" hits="1"/>
						<line number="70" hits="1"/>
						<line number="71" hits="1"/>
						<line number="72" hits="1"/>
						<line number="79" hits="1"/>
						<line number="80" hits="1"/>
						<line number="83" hits="1"/>
						<line number="86" hits="1"/>
						<line number="89" hits="1"/>
						<line number="90" hits="1"/>
						<line number="93" hits="1"/>
						<line number="96" hits="1"/>
						<line number="99" hits="1"/>
						<line number="101" hits="1"/>
						<line number="103" hits="1"/>
						<line number="104" hits="1"/>
						<line number="106" hits="1"/>
						<line number="107" hits="1"/>
						<line number="110" hits="1"/>
						<line number="113" hits="1"/>
						<line number="116" hits="1"/>
						<line number="123" hits="0"/>
						<line number="124" hits="0"/>
						<line number="125" hits="0"/>
						<line number="127" hits="1"/>
						<line number="129" hits="0"/>
						<line number="131" hits="0"/>
						<line number="132" hits="0"/>
						<line number="134" hits="0"/>
						<line number="135" hits="0"/>
						<line number="138" hits="0"/>
						<line number="141" hits="0"/>
						<line number="142" hits="0"/>
						<line number="143" hits="0"/>
						<line number="144" hits="0"/>
						<line number="145" hits="0"/>
						<line number="152" hits="0"/>
						<line number="153" hits="0"/>
						<line number="154" hits="0"/>
						<line number="156" hits="0"/>
						<line number="158" hits="0"/>
						<line number="161" hits="0"/>
					</lines>
				</class>
			</classes>
		</package>
		<package name="plugins.example_plugin" line-rate="1" branch-rate="0" complexity="0">
			<classes>
				<class name="__init__.py" filename="plugins/example_plugin/__init__.py" complexity="0" line-rate="1" branch-rate="0">
					<methods/>
					<lines/>
				</class>
			</classes>
		</package>
		<package name="plugins.example_plugin.action_handlers" line-rate="0.5" branch-rate="0" complexity="0">
			<classes>
				<class name="create_example_file.py" filename="plugins/example_plugin/action_handlers/create_example_file.py" complexity="0" line-rate="0.5" branch-rate="0">
					<methods/>
					<lines>
						<line number="1" hits="1"/>
						<line number="13" hits="1"/>
						<line number="15" hits="1"/>
						<line number="20" hits="1"/>
						<line number="21" hits="0"/>
						<line number="22" hits="0"/>
						<line number="24" hits="1"/>
						<line number="27" hits="0"/>
						<line number="30" hits="1"/>
						<line number="35" hits="0"/>
						<line number="36" hits="0"/>
						<line number="37" hits="0"/>
					</lines>
				</class>
			</classes>
		</package>
		<package name="plugins.example_plugin.handlers" line-rate="0.3333" branch-rate="0" complexity="0">
			<classes>
				<class name="example_file_exists.py" filename="plugins/example_plugin/handlers/example_file_exists.py" complexity="0" line-rate="0.3333" branch-rate="0">
					<methods/>
					<lines>
						<line number="1" hits="1"/>
						<line number="8" hits="1"/>
						<line number="12" hits="0"/>
						<line number="13" hits="0"/>
						<line number="14" hits="0"/>
						<line number="15" hits="0"/>
					</lines>
				</class>
			</classes>
		</package>
		<package name="utils" line-rate="0.5758" branch-rate="0" complexity="0">
			<classes>
				<class name="logger.py" filename="utils/logger.py" complexity="0" line-rate="0.5684" branch-rate="0">
					<methods/>
					<lines>
						<line number="2" hits="1"/>
						<line number="3" hits="1"/>
						<line number="4" hits="1"/>
						<line number="5" hits="1"/>
						<line number="6" hits="1"/>
						<line number="7" hits="1"/>
						<line number="9" hits="1"/>
						<line number="10" hits="1"/>
						<line number="11" hits="1"/>
						<line number="12" hits="1"/>
						<line number="13" hits="1"/>
						<line number="15" hits="1"/>
						<line number="16" hits="1"/>
						<line number="17" hits="0"/>
						<line number="18" hits="0"/>
						<line number="20" hits="0"/>
						<line number="21" hits="0"/>
						<line number="22" hits="0"/>
						<line number="23" hits="0"/>
						<line number="25" hits="0"/>
						<line number="27" hits="0"/>
						<line number="28" hits="1"/>
						<line number="29" hits="0"/>
						<line number="30" hits="0"/>
						<line number="31" hits="0"/>
						<line number="33" hits="1"/>
						<line number="35" hits="1"/>
						<line number="36" hits="1"/>
						<line number="37" hits="1"/>
						<line number="39" hits="1"/>
						<line number="40" hits="1"/>
						<line number="41" hits="1"/>
						<line number="42" hits="1"/>
						<line number="43" hits="1"/>
						<line number="45" hits="1"/>
						<line number="46" hits="1"/>
						<line number="47" hits="1"/>
						<line number="48" hits="0"/>
						<line number="49" hits="0"/>
						<line number="50" hits="0"/>
						<line number="51" hits="0"/>
						<line number="52" hits="1"/>
						<line number="54" hits="1"/>
						<line number="55" hits="1"/>
						<line number="57" hits="1"/>
						<line number="58" hits="0"/>
						<line number="59" hits="0"/>
						<line number="60" hits="0"/>
						<line number="62" hits="1"/>
						<line number="63" hits="1"/>
						<line number="65" hits="1"/>
						<line number="66" hits="1"/>
						<line number="67" hits="1"/>
						<line number="68" hits="1"/>
						<line number="70" hits="1"/>
						<line number="71" hits="0"/>
						<line number="72" hits="0"/>
						<line number="73" hits="0"/>
						<line number="75" hits="1"/>
						<line number="76" hits="0"/>
						<line number="77" hits="0"/>
						<line number="78" hits="0"/>
						<line number="80" hits="1"/>
						<line number="81" hits="1"/>
						<line number="82" hits="0"/>
						<line number="83" hits="0"/>
						<line number="84" hits="0"/>
						<line number="86" hits="1"/>
						<line number="87" hits="0"/>
						<line number="88" hits="0"/>
						<line number="89" hits="0"/>
						<line number="90" hits="0"/>
						<line number="91" hits="0"/>
						<line number="92" hits="0"/>
						<line number="93" hits="0"/>
						<line number="95" hits="1"/>
						<line number="96" hits="0"/>
						<line number="97" hits="0"/>
						<line number="100" hits="1"/>
						<line number="102" hits="1"/>
						<line number="103" hits="0"/>
						<line number="105" hits="1"/>
						<line number="106" hits="1"/>
						<line number="108" hits="1"/>
						<line number="109" hits="1"/>
						<line number="111" hits="1"/>
						<line number="112" hits="0"/>
						<line number="114" hits="1"/>
						<line number="115" hits="0"/>
						<line number="117" hits="1"/>
						<line number="118" hits="1"/>
						<line number="120" hits="1"/>
						<line number="121" hits="0"/>
						<line number="123" hits="1"/>
						<line number="124" hits="0"/>
					</lines>
				</class>
				<class name="shell_utils.py" filename="utils/shell_utils.py" complexity="0" line-rate="0.75" branch-rate="0">
					<methods/>
					<lines>
						<line number="1" hits="1"/>
						<line number="3" hits="1"/>
						<line number="4" hits="0"/>
						<line number="5" hits="1"/>
					</lines>
				</class>
			</classes>
		</package>
	</packages>
</coverage>
